2014-01-14 09:14:53.384 [main] INFO    com.objectaid.uml.model.manage.DiagramManager getFactories: com.objectaid.uml.diagramFactories[ucls]: com.objectaid.uml.cls.model.ClassDiagramFactory@38113745
2014-01-14 09:14:53.506 [main] INFO    com.objectaid.uml.model.manage.DiagramManager getFactories: com.objectaid.uml.diagramFactories[useq]: com.objectaid.uml.seq.model.SequenceDiagramFactory@e86b954
2014-01-14 09:14:53.805 [main] WARNING com.objectaid.uml.util.EclipseHelper loadClass: cannot find com.objectaid.uml.addon.doc.TextLink in [], no license for [com.objectaid.uml.addon]
2014-01-14 09:14:53.807 [main] WARNING com.objectaid.uml.util.EclipseHelper loadClass: cannot find com.objectaid.uml.addon.doc.TextLinkEditPart in [], no license for [com.objectaid.uml.addon]
2014-01-14 09:14:53.808 [main] WARNING com.objectaid.uml.util.EclipseHelper loadClass: cannot find com.objectaid.uml.addon.doc.PTextLink in [], no license for [com.objectaid.uml.addon]
2014-01-14 09:14:53.810 [main] WARNING com.objectaid.uml.util.EclipseHelper loadClass: cannot find com.objectaid.uml.model.diagram.ConnectionEnd in [], no license for [com.objectaid.uml.addon]
2014-01-14 09:14:53.811 [main] WARNING com.objectaid.uml.util.EclipseHelper loadClass: cannot find com.objectaid.uml.model.persistence.PersistedConnectionEnd in [], no license for [com.objectaid.uml.addon]
2014-01-14 09:14:53.812 [main] WARNING com.objectaid.uml.util.EclipseHelper loadClass: cannot find com.objectaid.uml.addon.doc.TextNodeDefinition in [com.objectaid.uml.cls], no license for [com.objectaid.uml.addon]
2014-01-14 09:14:54.223 [main] INFO    com.objectaid.uml.model.manage.LanguageElementManager getLanguageElementFactories: com.objectaid.uml.languageElementFactories: com.objectaid.uml.java.JavaElementFactory
2014-01-14 09:14:56.437 [main] INFO    com.objectaid.uml.util.extend.ExecutableExtensionManager loadExtensions: found com.objectaid.uml.renderFormats="com.objectaid.uml.render.RasterRenderFormat" class="com.objectaid.uml.render.RasterRenderFormat" name="PNG" extension="png" antialias="true" format="5" 
2014-01-14 09:14:56.440 [main] INFO    com.objectaid.uml.util.extend.ExecutableExtensionManager loadExtensions: found com.objectaid.uml.renderFormats="com.objectaid.uml.render.RasterRenderFormat" class="com.objectaid.uml.render.RasterRenderFormat" name="JPEG" extension="jpg" antialias="true" format="4" 
2014-01-14 09:14:56.441 [main] INFO    com.objectaid.uml.util.extend.ExecutableExtensionManager loadExtensions: found com.objectaid.uml.renderFormats="com.objectaid.uml.render.IndexedRasterRenderFormat" class="com.objectaid.uml.render.IndexedRasterRenderFormat" name="GIF" extension="gif" antialias="false" format="2" 
2014-01-14 09:14:56.442 [main] WARNING com.objectaid.uml.util.EclipseHelper loadClass: cannot find com.objectaid.uml.addon.render.SVGRenderFormat in [], no license for [com.objectaid.uml.addon]
2014-01-14 09:14:56.443 [main] INFO    com.objectaid.uml.util.extend.ExecutableExtensionManager loadExtensions: found com.objectaid.uml.renderFormats='com.objectaid.uml.addon.render.SVGRenderFormat' but cannot load class
2014-01-14 09:14:56.444 [main] WARNING com.objectaid.uml.util.EclipseHelper loadClass: cannot find com.objectaid.uml.addon.render.PDFRenderFormat in [], no license for [com.objectaid.uml.addon]
2014-01-14 09:14:56.445 [main] INFO    com.objectaid.uml.util.extend.ExecutableExtensionManager loadExtensions: found com.objectaid.uml.renderFormats='com.objectaid.uml.addon.render.PDFRenderFormat' but cannot load class
2014-01-14 09:14:57.247 [main] WARNING com.objectaid.uml.util.EclipseHelper loadClass: cannot find com.objectaid.uml.addon.doc.TextDiagramEditPolicy in [], no license for [com.objectaid.uml.addon]
2014-01-14 09:14:57.343 [main] WARNING com.objectaid.uml.util.EclipseHelper loadClass: cannot find com.objectaid.uml.addon.doc.TextLinkCreationEditPolicy in [], no license for [com.objectaid.uml.addon]
2014-01-14 09:14:57.375 [main] WARNING com.objectaid.uml.util.EclipseHelper loadClass: cannot find com.objectaid.uml.addon.doc.TextLinkCreationEditPolicy in [], no license for [com.objectaid.uml.addon]
2014-01-14 09:14:57.381 [main] WARNING com.objectaid.uml.util.EclipseHelper loadClass: cannot find com.objectaid.uml.addon.doc.TextLinkCreationEditPolicy in [], no license for [com.objectaid.uml.addon]
2014-01-14 09:14:57.383 [main] WARNING com.objectaid.uml.util.EclipseHelper loadClass: cannot find com.objectaid.uml.addon.doc.TextLinkCreationEditPolicy in [], no license for [com.objectaid.uml.addon]
2014-01-14 09:14:57.384 [main] WARNING com.objectaid.uml.util.EclipseHelper loadClass: cannot find com.objectaid.uml.addon.doc.TextLinkCreationEditPolicy in [], no license for [com.objectaid.uml.addon]
2014-01-14 09:14:57.385 [main] WARNING com.objectaid.uml.util.EclipseHelper loadClass: cannot find com.objectaid.uml.addon.doc.TextLinkCreationEditPolicy in [], no license for [com.objectaid.uml.addon]
2014-01-14 09:14:57.385 [main] WARNING com.objectaid.uml.util.EclipseHelper loadClass: cannot find com.objectaid.uml.addon.doc.TextLinkCreationEditPolicy in [], no license for [com.objectaid.uml.addon]
2014-01-14 09:14:57.386 [main] WARNING com.objectaid.uml.util.EclipseHelper loadClass: cannot find com.objectaid.uml.addon.doc.TextLinkCreationEditPolicy in [], no license for [com.objectaid.uml.addon]
2014-01-14 09:14:57.389 [main] WARNING com.objectaid.uml.util.EclipseHelper loadClass: cannot find com.objectaid.uml.addon.doc.TextLinkCreationEditPolicy in [], no license for [com.objectaid.uml.addon]
2014-01-14 09:14:57.390 [main] WARNING com.objectaid.uml.util.EclipseHelper loadClass: cannot find com.objectaid.uml.addon.doc.TextLinkCreationEditPolicy in [], no license for [com.objectaid.uml.addon]
2014-01-14 09:14:57.436 [main] WARNING com.objectaid.uml.util.EclipseHelper loadClass: cannot find com.objectaid.uml.addon.edit.MultiplicityDirectEditPolicy in [], no license for [com.objectaid.uml.addon]
2014-01-14 09:14:57.438 [main] WARNING com.objectaid.uml.util.EclipseHelper loadClass: cannot find com.objectaid.uml.addon.doc.TextLinkCreationEditPolicy in [], no license for [com.objectaid.uml.addon]
2014-01-14 09:14:57.442 [main] WARNING com.objectaid.uml.util.EclipseHelper loadClass: cannot find com.objectaid.uml.addon.doc.TextLinkCreationEditPolicy in [], no license for [com.objectaid.uml.addon]
2014-01-14 09:14:57.443 [main] WARNING com.objectaid.uml.util.EclipseHelper loadClass: cannot find com.objectaid.uml.addon.doc.TextLinkCreationEditPolicy in [], no license for [com.objectaid.uml.addon]
2014-01-14 09:14:57.449 [main] WARNING com.objectaid.uml.util.EclipseHelper loadClass: cannot find com.objectaid.uml.addon.doc.TextLinkCreationEditPolicy in [], no license for [com.objectaid.uml.addon]
2014-01-14 09:14:57.450 [main] WARNING com.objectaid.uml.util.EclipseHelper loadClass: cannot find com.objectaid.uml.addon.doc.TextLinkCreationEditPolicy in [], no license for [com.objectaid.uml.addon]
2014-01-14 09:14:57.451 [main] WARNING com.objectaid.uml.util.EclipseHelper loadClass: cannot find com.objectaid.uml.addon.edit.MultiplicityDirectEditPolicy in [], no license for [com.objectaid.uml.addon]
2014-01-14 09:14:57.452 [main] WARNING com.objectaid.uml.util.EclipseHelper loadClass: cannot find com.objectaid.uml.addon.doc.TextLinkCreationEditPolicy in [], no license for [com.objectaid.uml.addon]
2014-01-14 09:14:57.453 [main] WARNING com.objectaid.uml.util.EclipseHelper loadClass: cannot find com.objectaid.uml.addon.doc.TextLinkCreationEditPolicy in [], no license for [com.objectaid.uml.addon]
2014-01-14 09:14:57.454 [main] WARNING com.objectaid.uml.util.EclipseHelper loadClass: cannot find com.objectaid.uml.addon.doc.TextLinkCreationEditPolicy in [], no license for [com.objectaid.uml.addon]
2014-01-14 09:14:57.455 [main] WARNING com.objectaid.uml.util.EclipseHelper loadClass: cannot find com.objectaid.uml.addon.doc.TextLinkCreationEditPolicy in [], no license for [com.objectaid.uml.addon]
2014-01-14 09:14:57.456 [main] WARNING com.objectaid.uml.util.EclipseHelper loadClass: cannot find com.objectaid.uml.addon.edit.MultiplicityDirectEditPolicy in [], no license for [com.objectaid.uml.addon]
2014-01-14 09:14:57.457 [main] WARNING com.objectaid.uml.util.EclipseHelper loadClass: cannot find com.objectaid.uml.addon.doc.TextLinkCreationEditPolicy in [], no license for [com.objectaid.uml.addon]
2014-01-14 09:14:57.459 [main] WARNING com.objectaid.uml.util.EclipseHelper loadClass: cannot find com.objectaid.uml.addon.doc.TextLinkCreationEditPolicy in [], no license for [com.objectaid.uml.addon]
2014-01-14 09:14:57.460 [main] WARNING com.objectaid.uml.util.EclipseHelper loadClass: cannot find com.objectaid.uml.addon.doc.TextLinkCreationEditPolicy in [], no license for [com.objectaid.uml.addon]
2014-01-14 09:14:57.462 [main] WARNING com.objectaid.uml.util.EclipseHelper loadClass: cannot find com.objectaid.uml.addon.doc.TextLinkCreationEditPolicy in [], no license for [com.objectaid.uml.addon]
2014-01-14 09:14:57.463 [main] WARNING com.objectaid.uml.util.EclipseHelper loadClass: cannot find com.objectaid.uml.addon.doc.TextLinkCreationEditPolicy in [], no license for [com.objectaid.uml.addon]
2014-01-14 09:14:57.465 [main] WARNING com.objectaid.uml.util.EclipseHelper loadClass: cannot find com.objectaid.uml.addon.doc.TextLinkCreationEditPolicy in [], no license for [com.objectaid.uml.addon]
2014-01-14 09:14:57.466 [main] WARNING com.objectaid.uml.util.EclipseHelper loadClass: cannot find com.objectaid.uml.addon.doc.TextLinkCreationEditPolicy in [], no license for [com.objectaid.uml.addon]
2014-01-14 09:14:57.467 [main] WARNING com.objectaid.uml.util.EclipseHelper loadClass: cannot find com.objectaid.uml.addon.doc.TextLinkCreationEditPolicy in [], no license for [com.objectaid.uml.addon]
2014-01-14 09:14:57.470 [main] WARNING com.objectaid.uml.util.EclipseHelper loadClass: cannot find com.objectaid.uml.addon.doc.TextLinkCreationEditPolicy in [], no license for [com.objectaid.uml.addon]
2014-01-14 09:14:57.471 [main] WARNING com.objectaid.uml.util.EclipseHelper loadClass: cannot find com.objectaid.uml.addon.doc.TextLinkCreationEditPolicy in [], no license for [com.objectaid.uml.addon]
2014-01-14 09:14:57.471 [main] WARNING com.objectaid.uml.util.EclipseHelper loadClass: cannot find com.objectaid.uml.addon.doc.TextLinkCreationEditPolicy in [], no license for [com.objectaid.uml.addon]
2014-01-14 09:14:57.474 [main] WARNING com.objectaid.uml.util.EclipseHelper loadClass: cannot find com.objectaid.uml.addon.doc.TextLinkCreationEditPolicy in [], no license for [com.objectaid.uml.addon]
2014-01-14 09:14:57.474 [main] WARNING com.objectaid.uml.util.EclipseHelper loadClass: cannot find com.objectaid.uml.addon.doc.TextLinkCreationEditPolicy in [], no license for [com.objectaid.uml.addon]
2014-01-14 09:14:57.475 [main] WARNING com.objectaid.uml.util.EclipseHelper loadClass: cannot find com.objectaid.uml.addon.doc.TextLinkCreationEditPolicy in [], no license for [com.objectaid.uml.addon]
2014-01-14 09:14:57.477 [main] WARNING com.objectaid.uml.util.EclipseHelper loadClass: cannot find com.objectaid.uml.addon.doc.TextLinkCreationEditPolicy in [], no license for [com.objectaid.uml.addon]
2014-01-14 09:14:57.478 [main] WARNING com.objectaid.uml.util.EclipseHelper loadClass: cannot find com.objectaid.uml.addon.edit.MultiplicityDirectEditPolicy in [], no license for [com.objectaid.uml.addon]
2014-01-14 09:14:57.479 [main] WARNING com.objectaid.uml.util.EclipseHelper loadClass: cannot find com.objectaid.uml.addon.doc.TextLinkCreationEditPolicy in [], no license for [com.objectaid.uml.addon]
2014-01-14 09:14:57.480 [main] WARNING com.objectaid.uml.util.EclipseHelper loadClass: cannot find com.objectaid.uml.addon.doc.TextLinkCreationEditPolicy in [], no license for [com.objectaid.uml.addon]
2014-01-14 09:14:57.481 [main] WARNING com.objectaid.uml.util.EclipseHelper loadClass: cannot find com.objectaid.uml.addon.doc.TextLinkCreationEditPolicy in [], no license for [com.objectaid.uml.addon]
2014-01-14 09:14:57.483 [main] WARNING com.objectaid.uml.util.EclipseHelper loadClass: cannot find com.objectaid.uml.addon.doc.TextLinkCreationEditPolicy in [], no license for [com.objectaid.uml.addon]
2014-01-14 09:14:57.484 [main] WARNING com.objectaid.uml.util.EclipseHelper loadClass: cannot find com.objectaid.uml.addon.edit.MultiplicityDirectEditPolicy in [], no license for [com.objectaid.uml.addon]
2014-01-14 09:14:57.485 [main] WARNING com.objectaid.uml.util.EclipseHelper loadClass: cannot find com.objectaid.uml.addon.doc.TextLinkCreationEditPolicy in [], no license for [com.objectaid.uml.addon]
2014-01-14 09:14:57.487 [main] WARNING com.objectaid.uml.util.EclipseHelper loadClass: cannot find com.objectaid.uml.addon.doc.TextLinkCreationEditPolicy in [], no license for [com.objectaid.uml.addon]
2014-01-14 09:14:57.488 [main] WARNING com.objectaid.uml.util.EclipseHelper loadClass: cannot find com.objectaid.uml.addon.doc.TextLinkCreationEditPolicy in [], no license for [com.objectaid.uml.addon]
2014-01-14 09:14:57.489 [main] WARNING com.objectaid.uml.util.EclipseHelper loadClass: cannot find com.objectaid.uml.addon.edit.MultiplicityDirectEditPolicy in [], no license for [com.objectaid.uml.addon]
2014-01-14 09:14:57.490 [main] WARNING com.objectaid.uml.util.EclipseHelper loadClass: cannot find com.objectaid.uml.addon.doc.TextLinkCreationEditPolicy in [], no license for [com.objectaid.uml.addon]
2014-01-14 09:14:57.509 [main] WARNING com.objectaid.uml.util.EclipseHelper loadClass: cannot find com.objectaid.uml.addon.doc.TextLinkCreationEditPolicy in [], no license for [com.objectaid.uml.addon]
2014-01-14 09:14:57.510 [main] WARNING com.objectaid.uml.util.EclipseHelper loadClass: cannot find com.objectaid.uml.addon.doc.TextLinkCreationEditPolicy in [], no license for [com.objectaid.uml.addon]
2014-01-14 09:14:57.517 [main] WARNING com.objectaid.uml.util.EclipseHelper loadClass: cannot find com.objectaid.uml.addon.doc.TextLinkCreationEditPolicy in [], no license for [com.objectaid.uml.addon]
2014-01-14 09:14:57.518 [main] WARNING com.objectaid.uml.util.EclipseHelper loadClass: cannot find com.objectaid.uml.addon.doc.TextLinkCreationEditPolicy in [], no license for [com.objectaid.uml.addon]
2014-01-14 09:14:57.521 [main] WARNING com.objectaid.uml.util.EclipseHelper loadClass: cannot find com.objectaid.uml.addon.doc.TextLinkCreationEditPolicy in [], no license for [com.objectaid.uml.addon]
2014-01-14 10:22:50.444 [main] WARNING com.objectaid.uml.util.EclipseHelper loadClass: cannot find com.objectaid.uml.addon.doc.TextDiagramEditPolicy in [], no license for [com.objectaid.uml.addon]
2014-01-14 10:22:50.448 [main] WARNING com.objectaid.uml.util.EclipseHelper loadClass: cannot find com.objectaid.uml.addon.doc.TextLinkCreationEditPolicy in [], no license for [com.objectaid.uml.addon]
2014-01-14 10:22:50.451 [main] WARNING com.objectaid.uml.util.EclipseHelper loadClass: cannot find com.objectaid.uml.addon.doc.TextLinkCreationEditPolicy in [], no license for [com.objectaid.uml.addon]
2014-01-14 10:22:50.452 [main] WARNING com.objectaid.uml.util.EclipseHelper loadClass: cannot find com.objectaid.uml.addon.doc.TextLinkCreationEditPolicy in [], no license for [com.objectaid.uml.addon]
2014-01-14 10:22:50.453 [main] WARNING com.objectaid.uml.util.EclipseHelper loadClass: cannot find com.objectaid.uml.addon.doc.TextLinkCreationEditPolicy in [], no license for [com.objectaid.uml.addon]
2014-01-14 10:22:50.453 [main] WARNING com.objectaid.uml.util.EclipseHelper loadClass: cannot find com.objectaid.uml.addon.doc.TextLinkCreationEditPolicy in [], no license for [com.objectaid.uml.addon]
2014-01-14 10:22:50.454 [main] WARNING com.objectaid.uml.util.EclipseHelper loadClass: cannot find com.objectaid.uml.addon.doc.TextLinkCreationEditPolicy in [], no license for [com.objectaid.uml.addon]
2014-01-14 10:22:50.455 [main] WARNING com.objectaid.uml.util.EclipseHelper loadClass: cannot find com.objectaid.uml.addon.doc.TextLinkCreationEditPolicy in [], no license for [com.objectaid.uml.addon]
2014-01-14 10:22:50.455 [main] WARNING com.objectaid.uml.util.EclipseHelper loadClass: cannot find com.objectaid.uml.addon.doc.TextLinkCreationEditPolicy in [], no license for [com.objectaid.uml.addon]
2014-01-14 10:22:50.457 [main] WARNING com.objectaid.uml.util.EclipseHelper loadClass: cannot find com.objectaid.uml.addon.doc.TextLinkCreationEditPolicy in [], no license for [com.objectaid.uml.addon]
2014-01-14 10:22:50.457 [main] WARNING com.objectaid.uml.util.EclipseHelper loadClass: cannot find com.objectaid.uml.addon.doc.TextLinkCreationEditPolicy in [], no license for [com.objectaid.uml.addon]
2014-01-14 10:22:50.458 [main] WARNING com.objectaid.uml.util.EclipseHelper loadClass: cannot find com.objectaid.uml.addon.edit.MultiplicityDirectEditPolicy in [], no license for [com.objectaid.uml.addon]
2014-01-14 10:22:50.459 [main] WARNING com.objectaid.uml.util.EclipseHelper loadClass: cannot find com.objectaid.uml.addon.doc.TextLinkCreationEditPolicy in [], no license for [com.objectaid.uml.addon]
2014-01-14 10:22:50.461 [main] WARNING com.objectaid.uml.util.EclipseHelper loadClass: cannot find com.objectaid.uml.addon.doc.TextLinkCreationEditPolicy in [], no license for [com.objectaid.uml.addon]
2014-01-14 10:22:50.463 [main] WARNING com.objectaid.uml.util.EclipseHelper loadClass: cannot find com.objectaid.uml.addon.doc.TextLinkCreationEditPolicy in [], no license for [com.objectaid.uml.addon]
2014-01-14 10:22:50.468 [main] WARNING com.objectaid.uml.util.EclipseHelper loadClass: cannot find com.objectaid.uml.addon.doc.TextLinkCreationEditPolicy in [], no license for [com.objectaid.uml.addon]
2014-01-14 10:22:50.469 [main] WARNING com.objectaid.uml.util.EclipseHelper loadClass: cannot find com.objectaid.uml.addon.doc.TextLinkCreationEditPolicy in [], no license for [com.objectaid.uml.addon]
2014-01-14 10:22:50.470 [main] WARNING com.objectaid.uml.util.EclipseHelper loadClass: cannot find com.objectaid.uml.addon.edit.MultiplicityDirectEditPolicy in [], no license for [com.objectaid.uml.addon]
2014-01-14 10:22:50.471 [main] WARNING com.objectaid.uml.util.EclipseHelper loadClass: cannot find com.objectaid.uml.addon.doc.TextLinkCreationEditPolicy in [], no license for [com.objectaid.uml.addon]
2014-01-14 10:22:50.472 [main] WARNING com.objectaid.uml.util.EclipseHelper loadClass: cannot find com.objectaid.uml.addon.doc.TextLinkCreationEditPolicy in [], no license for [com.objectaid.uml.addon]
2014-01-14 10:22:50.473 [main] WARNING com.objectaid.uml.util.EclipseHelper loadClass: cannot find com.objectaid.uml.addon.doc.TextLinkCreationEditPolicy in [], no license for [com.objectaid.uml.addon]
2014-01-14 10:22:50.474 [main] WARNING com.objectaid.uml.util.EclipseHelper loadClass: cannot find com.objectaid.uml.addon.doc.TextLinkCreationEditPolicy in [], no license for [com.objectaid.uml.addon]
2014-01-14 10:22:50.475 [main] WARNING com.objectaid.uml.util.EclipseHelper loadClass: cannot find com.objectaid.uml.addon.edit.MultiplicityDirectEditPolicy in [], no license for [com.objectaid.uml.addon]
2014-01-14 10:22:50.476 [main] WARNING com.objectaid.uml.util.EclipseHelper loadClass: cannot find com.objectaid.uml.addon.doc.TextLinkCreationEditPolicy in [], no license for [com.objectaid.uml.addon]
2014-01-14 10:22:50.477 [main] WARNING com.objectaid.uml.util.EclipseHelper loadClass: cannot find com.objectaid.uml.addon.doc.TextLinkCreationEditPolicy in [], no license for [com.objectaid.uml.addon]
2014-01-14 10:22:50.478 [main] WARNING com.objectaid.uml.util.EclipseHelper loadClass: cannot find com.objectaid.uml.addon.doc.TextLinkCreationEditPolicy in [], no license for [com.objectaid.uml.addon]
2014-01-14 10:22:50.479 [main] WARNING com.objectaid.uml.util.EclipseHelper loadClass: cannot find com.objectaid.uml.addon.doc.TextLinkCreationEditPolicy in [], no license for [com.objectaid.uml.addon]
2014-01-14 10:22:50.480 [main] WARNING com.objectaid.uml.util.EclipseHelper loadClass: cannot find com.objectaid.uml.addon.doc.TextLinkCreationEditPolicy in [], no license for [com.objectaid.uml.addon]
2014-01-14 10:22:50.482 [main] WARNING com.objectaid.uml.util.EclipseHelper loadClass: cannot find com.objectaid.uml.addon.doc.TextLinkCreationEditPolicy in [], no license for [com.objectaid.uml.addon]
2014-01-14 10:22:50.482 [main] WARNING com.objectaid.uml.util.EclipseHelper loadClass: cannot find com.objectaid.uml.addon.doc.TextLinkCreationEditPolicy in [], no license for [com.objectaid.uml.addon]
2014-01-14 10:22:50.483 [main] WARNING com.objectaid.uml.util.EclipseHelper loadClass: cannot find com.objectaid.uml.addon.doc.TextLinkCreationEditPolicy in [], no license for [com.objectaid.uml.addon]
2014-01-14 10:22:50.485 [main] WARNING com.objectaid.uml.util.EclipseHelper loadClass: cannot find com.objectaid.uml.addon.doc.TextLinkCreationEditPolicy in [], no license for [com.objectaid.uml.addon]
2014-01-14 10:22:50.486 [main] WARNING com.objectaid.uml.util.EclipseHelper loadClass: cannot find com.objectaid.uml.addon.doc.TextLinkCreationEditPolicy in [], no license for [com.objectaid.uml.addon]
2014-01-14 10:22:50.486 [main] WARNING com.objectaid.uml.util.EclipseHelper loadClass: cannot find com.objectaid.uml.addon.doc.TextLinkCreationEditPolicy in [], no license for [com.objectaid.uml.addon]
2014-01-14 10:22:50.488 [main] WARNING com.objectaid.uml.util.EclipseHelper loadClass: cannot find com.objectaid.uml.addon.doc.TextLinkCreationEditPolicy in [], no license for [com.objectaid.uml.addon]
2014-01-14 10:22:50.489 [main] WARNING com.objectaid.uml.util.EclipseHelper loadClass: cannot find com.objectaid.uml.addon.doc.TextLinkCreationEditPolicy in [], no license for [com.objectaid.uml.addon]
2014-01-14 10:22:50.489 [main] WARNING com.objectaid.uml.util.EclipseHelper loadClass: cannot find com.objectaid.uml.addon.doc.TextLinkCreationEditPolicy in [], no license for [com.objectaid.uml.addon]
2014-01-14 10:22:50.491 [main] WARNING com.objectaid.uml.util.EclipseHelper loadClass: cannot find com.objectaid.uml.addon.doc.TextLinkCreationEditPolicy in [], no license for [com.objectaid.uml.addon]
2014-01-14 10:22:50.491 [main] WARNING com.objectaid.uml.util.EclipseHelper loadClass: cannot find com.objectaid.uml.addon.edit.MultiplicityDirectEditPolicy in [], no license for [com.objectaid.uml.addon]
2014-01-14 10:22:50.492 [main] WARNING com.objectaid.uml.util.EclipseHelper loadClass: cannot find com.objectaid.uml.addon.doc.TextLinkCreationEditPolicy in [], no license for [com.objectaid.uml.addon]
2014-01-14 10:22:50.493 [main] WARNING com.objectaid.uml.util.EclipseHelper loadClass: cannot find com.objectaid.uml.addon.doc.TextLinkCreationEditPolicy in [], no license for [com.objectaid.uml.addon]
2014-01-14 10:22:50.493 [main] WARNING com.objectaid.uml.util.EclipseHelper loadClass: cannot find com.objectaid.uml.addon.doc.TextLinkCreationEditPolicy in [], no license for [com.objectaid.uml.addon]
2014-01-14 10:22:50.495 [main] WARNING com.objectaid.uml.util.EclipseHelper loadClass: cannot find com.objectaid.uml.addon.doc.TextLinkCreationEditPolicy in [], no license for [com.objectaid.uml.addon]
2014-01-14 10:22:50.495 [main] WARNING com.objectaid.uml.util.EclipseHelper loadClass: cannot find com.objectaid.uml.addon.edit.MultiplicityDirectEditPolicy in [], no license for [com.objectaid.uml.addon]
2014-01-14 10:22:50.496 [main] WARNING com.objectaid.uml.util.EclipseHelper loadClass: cannot find com.objectaid.uml.addon.doc.TextLinkCreationEditPolicy in [], no license for [com.objectaid.uml.addon]
2014-01-14 10:22:50.498 [main] WARNING com.objectaid.uml.util.EclipseHelper loadClass: cannot find com.objectaid.uml.addon.doc.TextLinkCreationEditPolicy in [], no license for [com.objectaid.uml.addon]
2014-01-14 10:22:50.499 [main] WARNING com.objectaid.uml.util.EclipseHelper loadClass: cannot find com.objectaid.uml.addon.doc.TextLinkCreationEditPolicy in [], no license for [com.objectaid.uml.addon]
2014-01-14 10:22:50.499 [main] WARNING com.objectaid.uml.util.EclipseHelper loadClass: cannot find com.objectaid.uml.addon.edit.MultiplicityDirectEditPolicy in [], no license for [com.objectaid.uml.addon]
2014-01-14 10:22:50.500 [main] WARNING com.objectaid.uml.util.EclipseHelper loadClass: cannot find com.objectaid.uml.addon.doc.TextLinkCreationEditPolicy in [], no license for [com.objectaid.uml.addon]
2014-01-14 10:22:50.501 [main] WARNING com.objectaid.uml.util.EclipseHelper loadClass: cannot find com.objectaid.uml.addon.doc.TextLinkCreationEditPolicy in [], no license for [com.objectaid.uml.addon]
2014-01-14 10:22:50.502 [main] WARNING com.objectaid.uml.util.EclipseHelper loadClass: cannot find com.objectaid.uml.addon.doc.TextLinkCreationEditPolicy in [], no license for [com.objectaid.uml.addon]
2014-01-14 10:22:50.505 [main] WARNING com.objectaid.uml.util.EclipseHelper loadClass: cannot find com.objectaid.uml.addon.doc.TextLinkCreationEditPolicy in [], no license for [com.objectaid.uml.addon]
2014-01-14 10:22:50.505 [main] WARNING com.objectaid.uml.util.EclipseHelper loadClass: cannot find com.objectaid.uml.addon.doc.TextLinkCreationEditPolicy in [], no license for [com.objectaid.uml.addon]
2014-01-14 10:22:50.509 [main] WARNING com.objectaid.uml.util.EclipseHelper loadClass: cannot find com.objectaid.uml.addon.doc.TextLinkCreationEditPolicy in [], no license for [com.objectaid.uml.addon]
2014-01-14 10:22:59.334 [main] WARNING com.objectaid.uml.util.EclipseHelper loadClass: cannot find com.objectaid.uml.addon.doc.TextLinkCreationEditPolicy in [], no license for [com.objectaid.uml.addon]
2014-01-14 10:22:59.339 [main] WARNING com.objectaid.uml.util.EclipseHelper loadClass: cannot find com.objectaid.uml.addon.doc.TextLinkCreationEditPolicy in [], no license for [com.objectaid.uml.addon]
2014-01-14 10:22:59.497 [main] WARNING com.objectaid.uml.util.EclipseHelper loadClass: cannot find com.objectaid.uml.addon.java.action.CopyQualifiedNameActionRunnable in [], no license for [com.objectaid.uml.addon.java]
2014-01-14 10:22:59.521 [main] WARNING com.objectaid.uml.util.EclipseHelper loadClass: cannot find com.objectaid.uml.seq.java.AddCalledMethodsActionRunnable in [], no license for [com.objectaid.uml.seq.java]
2014-01-14 10:23:06.033 [main] WARNING com.objectaid.uml.util.EclipseHelper loadClass: cannot find com.objectaid.uml.addon.cls.menu.DependencyContextMenuProvider in [], no license for [com.objectaid.uml.addon.cls]
2014-01-14 10:23:06.035 [main] INFO    com.objectaid.uml.util.extend.ExecutableExtensionManager loadExtensions: found com.objectaid.uml.contextMenuProviders='com.objectaid.uml.addon.cls.menu.DependencyContextMenuProvider' but cannot load class
2014-01-14 10:23:06.037 [main] INFO    com.objectaid.uml.util.extend.ExecutableExtensionManager loadExtensions: found com.objectaid.uml.contextMenuProviders="com.objectaid.uml.cls.editor.ClassDiagramContextMenuProvider" class="com.objectaid.uml.cls.editor.ClassDiagramContextMenuProvider" id="class-diagram-menu" diagramExt="ucls" 
2014-01-14 10:23:06.039 [main] WARNING com.objectaid.uml.util.EclipseHelper loadClass: cannot find com.objectaid.uml.seq.editor.SequenceDiagramContextMenuProvider in [], no license for [com.objectaid.uml.seq]
2014-01-14 10:23:06.039 [main] INFO    com.objectaid.uml.util.extend.ExecutableExtensionManager loadExtensions: found com.objectaid.uml.contextMenuProviders='com.objectaid.uml.seq.editor.SequenceDiagramContextMenuProvider' but cannot load class
2014-01-14 10:23:06.119 [main] INFO    com.objectaid.uml.util.extend.ExecutableExtensionManager loadExtensions: found com.objectaid.uml.accessors="com.objectaid.uml.model.accessor.ReflectionAccessor" id="automatic-image-PNG" property="automaticImage" type="com.objectaid.uml.render.RenderFormatManager" newValue="PNG" 
2014-01-14 10:23:06.121 [main] INFO    com.objectaid.uml.util.extend.ExecutableExtensionManager loadExtensions: found com.objectaid.uml.accessors="com.objectaid.uml.model.accessor.ReflectionAccessor" id="automatic-image-JPEG" property="automaticImage" type="com.objectaid.uml.render.RenderFormatManager" newValue="JPEG" 
2014-01-14 10:23:06.122 [main] INFO    com.objectaid.uml.util.extend.ExecutableExtensionManager loadExtensions: found com.objectaid.uml.accessors="com.objectaid.uml.model.accessor.ReflectionAccessor" id="automatic-image-GIF" property="automaticImage" type="com.objectaid.uml.render.RenderFormatManager" newValue="GIF" 
2014-01-14 10:23:06.123 [main] INFO    com.objectaid.uml.util.extend.ExecutableExtensionManager loadExtensions: found com.objectaid.uml.accessors="com.objectaid.uml.model.accessor.ReflectionAccessor" id="automatic-image-NONE" property="automaticImage" type="com.objectaid.uml.render.RenderFormatManager" newValue="NONE" 
2014-01-14 10:23:06.125 [main] WARNING com.objectaid.uml.util.EclipseHelper loadClass: cannot find com.objectaid.uml.model.accessor.ReflectionAccessor in [], no license for [com.objectaid.uml.addon]
2014-01-14 10:23:06.125 [main] INFO    com.objectaid.uml.util.extend.ExecutableExtensionManager loadExtensions: found com.objectaid.uml.accessors='com.objectaid.uml.model.accessor.ReflectionAccessor' but cannot load class
2014-01-14 10:23:06.126 [main] WARNING com.objectaid.uml.util.EclipseHelper loadClass: cannot find com.objectaid.uml.model.accessor.ReflectionAccessor in [], no license for [com.objectaid.uml.addon]
2014-01-14 10:23:06.127 [main] INFO    com.objectaid.uml.util.extend.ExecutableExtensionManager loadExtensions: found com.objectaid.uml.accessors='com.objectaid.uml.model.accessor.ReflectionAccessor' but cannot load class
2014-01-14 10:23:06.127 [main] WARNING com.objectaid.uml.util.EclipseHelper loadClass: cannot find com.objectaid.uml.model.accessor.ReflectionAccessor in [], no license for [com.objectaid.uml.addon]
2014-01-14 10:23:06.128 [main] INFO    com.objectaid.uml.util.extend.ExecutableExtensionManager loadExtensions: found com.objectaid.uml.accessors='com.objectaid.uml.model.accessor.ReflectionAccessor' but cannot load class
2014-01-14 10:23:06.128 [main] WARNING com.objectaid.uml.util.EclipseHelper loadClass: cannot find com.objectaid.uml.model.accessor.ReflectionAccessor in [], no license for [com.objectaid.uml.addon]
2014-01-14 10:23:06.128 [main] INFO    com.objectaid.uml.util.extend.ExecutableExtensionManager loadExtensions: found com.objectaid.uml.accessors='com.objectaid.uml.model.accessor.ReflectionAccessor' but cannot load class
2014-01-14 10:23:06.129 [main] WARNING com.objectaid.uml.util.EclipseHelper loadClass: cannot find com.objectaid.uml.model.accessor.ReflectionAccessor in [], no license for [com.objectaid.uml.addon]
2014-01-14 10:23:06.129 [main] INFO    com.objectaid.uml.util.extend.ExecutableExtensionManager loadExtensions: found com.objectaid.uml.accessors='com.objectaid.uml.model.accessor.ReflectionAccessor' but cannot load class
2014-01-14 10:23:06.130 [main] INFO    com.objectaid.uml.util.extend.ExecutableExtensionManager loadExtensions: found com.objectaid.uml.accessors="com.objectaid.uml.model.accessor.ReflectionAccessor" id="show-icons" property="showIcons" type="java.lang.Boolean" 
2014-01-14 10:23:06.131 [main] INFO    com.objectaid.uml.util.extend.ExecutableExtensionManager loadExtensions: found com.objectaid.uml.accessors="com.objectaid.uml.model.accessor.ReflectionAccessor" id="show-stereotype" property="displayOptions.showStereotype" type="java.lang.Boolean" 
2014-01-14 10:23:06.131 [main] INFO    com.objectaid.uml.util.extend.ExecutableExtensionManager loadExtensions: found com.objectaid.uml.accessors="com.objectaid.uml.model.accessor.ReflectionAccessor" id="show-package-name" property="displayOptions.showPackageName" type="java.lang.Boolean" 
2014-01-14 10:23:06.132 [main] INFO    com.objectaid.uml.util.extend.ExecutableExtensionManager loadExtensions: found com.objectaid.uml.accessors="com.objectaid.uml.model.accessor.ReflectionAccessor" id="show-visibility" property="displayOptions.showVisibility" type="java.lang.Boolean" 
2014-01-14 10:23:06.132 [main] INFO    com.objectaid.uml.util.extend.ExecutableExtensionManager loadExtensions: found com.objectaid.uml.accessors="com.objectaid.uml.model.accessor.ReflectionAccessor" id="automatic-resize" property="displayOptions.autoSize" type="java.lang.Boolean" 
2014-01-14 10:23:06.133 [main] INFO    com.objectaid.uml.util.extend.ExecutableExtensionManager loadExtensions: found com.objectaid.uml.accessors="com.objectaid.uml.model.accessor.ReflectionAccessor" id="show-attribute-default" property="displayOptions.showAttributeDefault" type="java.lang.Boolean" 
2014-01-14 10:23:06.133 [main] INFO    com.objectaid.uml.util.extend.ExecutableExtensionManager loadExtensions: found com.objectaid.uml.accessors="com.objectaid.uml.model.accessor.ReflectionAccessor" id="show-operation-signature" property="displayOptions.showOperationSignature" type="java.lang.Boolean" 
2014-01-14 10:23:06.134 [main] INFO    com.objectaid.uml.util.extend.ExecutableExtensionManager loadExtensions: found com.objectaid.uml.accessors="com.objectaid.uml.model.accessor.ReflectionAccessor" id="show-public-attributes" property="displayOptions.attributeFilter.showPublic" type="java.lang.Boolean" 
2014-01-14 10:23:06.135 [main] INFO    com.objectaid.uml.util.extend.ExecutableExtensionManager loadExtensions: found com.objectaid.uml.accessors="com.objectaid.uml.model.accessor.ReflectionAccessor" id="show-protected-attributes" property="displayOptions.attributeFilter.showProtected" type="java.lang.Boolean" 
2014-01-14 10:23:06.135 [main] INFO    com.objectaid.uml.util.extend.ExecutableExtensionManager loadExtensions: found com.objectaid.uml.accessors="com.objectaid.uml.model.accessor.ReflectionAccessor" id="show-package-attributes" property="displayOptions.attributeFilter.showPackage" type="java.lang.Boolean" 
2014-01-14 10:23:06.136 [main] INFO    com.objectaid.uml.util.extend.ExecutableExtensionManager loadExtensions: found com.objectaid.uml.accessors="com.objectaid.uml.model.accessor.ReflectionAccessor" id="show-private-attributes" property="displayOptions.attributeFilter.showPrivate" type="java.lang.Boolean" 
2014-01-14 10:23:06.136 [main] INFO    com.objectaid.uml.util.extend.ExecutableExtensionManager loadExtensions: found com.objectaid.uml.accessors="com.objectaid.uml.model.accessor.ReflectionAccessor" id="show-static-attributes" property="displayOptions.attributeFilter.showStatic" type="java.lang.Boolean" 
2014-01-14 10:23:06.138 [main] INFO    com.objectaid.uml.util.extend.ExecutableExtensionManager loadExtensions: found com.objectaid.uml.accessors="com.objectaid.uml.model.accessor.ReflectionAccessor" id="show-all-attributes" property="displayOptions.attributeFilter.show" type="java.lang.Boolean" newValue="true" 
2014-01-14 10:23:06.139 [main] INFO    com.objectaid.uml.util.extend.ExecutableExtensionManager loadExtensions: found com.objectaid.uml.accessors="com.objectaid.uml.model.accessor.ReflectionAccessor" id="show-no-attributes" property="displayOptions.attributeFilter.show" type="java.lang.Boolean" newValue="false" 
2014-01-14 10:23:06.139 [main] INFO    com.objectaid.uml.util.extend.ExecutableExtensionManager loadExtensions: found com.objectaid.uml.accessors="com.objectaid.uml.model.accessor.ReflectionAccessor" id="show-public-operations" property="displayOptions.operationFilter.showPublic" type="java.lang.Boolean" 
2014-01-14 10:23:06.140 [main] INFO    com.objectaid.uml.util.extend.ExecutableExtensionManager loadExtensions: found com.objectaid.uml.accessors="com.objectaid.uml.model.accessor.ReflectionAccessor" id="show-protected-operations" property="displayOptions.operationFilter.showProtected" type="java.lang.Boolean" 
2014-01-14 10:23:06.140 [main] INFO    com.objectaid.uml.util.extend.ExecutableExtensionManager loadExtensions: found com.objectaid.uml.accessors="com.objectaid.uml.model.accessor.ReflectionAccessor" id="show-package-operations" property="displayOptions.operationFilter.showPackage" type="java.lang.Boolean" 
2014-01-14 10:23:06.141 [main] INFO    com.objectaid.uml.util.extend.ExecutableExtensionManager loadExtensions: found com.objectaid.uml.accessors="com.objectaid.uml.model.accessor.ReflectionAccessor" id="show-private-operations" property="displayOptions.operationFilter.showPrivate" type="java.lang.Boolean" 
2014-01-14 10:23:06.142 [main] INFO    com.objectaid.uml.util.extend.ExecutableExtensionManager loadExtensions: found com.objectaid.uml.accessors="com.objectaid.uml.model.accessor.ReflectionAccessor" id="show-static-operations" property="displayOptions.operationFilter.showStatic" type="java.lang.Boolean" 
2014-01-14 10:23:06.142 [main] INFO    com.objectaid.uml.util.extend.ExecutableExtensionManager loadExtensions: found com.objectaid.uml.accessors="com.objectaid.uml.model.accessor.ReflectionAccessor" id="show-all-operations" property="displayOptions.operationFilter.show" type="java.lang.Boolean" newValue="true" 
2014-01-14 10:23:06.143 [main] INFO    com.objectaid.uml.util.extend.ExecutableExtensionManager loadExtensions: found com.objectaid.uml.accessors="com.objectaid.uml.model.accessor.ReflectionAccessor" id="show-no-operations" property="displayOptions.operationFilter.show" type="java.lang.Boolean" newValue="false" 
2014-01-14 10:23:06.143 [main] INFO    com.objectaid.uml.util.extend.ExecutableExtensionManager loadExtensions: found com.objectaid.uml.accessors="com.objectaid.uml.model.accessor.ReflectionAccessor" id="show-labels" property="associationDisplayOptions.showLabels" type="java.lang.Boolean" 
2014-01-14 10:23:06.144 [main] INFO    com.objectaid.uml.util.extend.ExecutableExtensionManager loadExtensions: found com.objectaid.uml.accessors="com.objectaid.uml.model.accessor.ReflectionAccessor" id="show-multiplicity" property="associationDisplayOptions.showMultiplicity" type="java.lang.Boolean" 
2014-01-14 10:23:06.144 [main] INFO    com.objectaid.uml.util.extend.ExecutableExtensionManager loadExtensions: found com.objectaid.uml.accessors="com.objectaid.uml.model.accessor.ReflectionAccessor" id="auto-locate" property="position" type="org.eclipse.draw2d.geometry.Rectangle" 
2014-01-14 10:23:06.145 [main] INFO    com.objectaid.uml.util.extend.ExecutableExtensionManager loadExtensions: found com.objectaid.uml.accessors="com.objectaid.uml.model.accessor.ReflectionAccessor" id="corner-top-left" property="selfConnectionCorner" newValue="TOP_LEFT" type="com.objectaid.uml.model.diagram.NodeCorner" 
2014-01-14 10:23:06.146 [main] INFO    com.objectaid.uml.util.extend.ExecutableExtensionManager loadExtensions: found com.objectaid.uml.accessors="com.objectaid.uml.model.accessor.ReflectionAccessor" id="corner-top-right" property="selfConnectionCorner" newValue="TOP_RIGHT" type="com.objectaid.uml.model.diagram.NodeCorner" 
2014-01-14 10:23:06.146 [main] INFO    com.objectaid.uml.util.extend.ExecutableExtensionManager loadExtensions: found com.objectaid.uml.accessors="com.objectaid.uml.model.accessor.ReflectionAccessor" id="corner-bottom-left" property="selfConnectionCorner" newValue="BOTTOM_LEFT" type="com.objectaid.uml.model.diagram.NodeCorner" 
2014-01-14 10:23:06.147 [main] INFO    com.objectaid.uml.util.extend.ExecutableExtensionManager loadExtensions: found com.objectaid.uml.accessors="com.objectaid.uml.model.accessor.ReflectionAccessor" id="corner-bottom-right" property="selfConnectionCorner" newValue="BOTTOM_RIGHT" type="com.objectaid.uml.model.diagram.NodeCorner" 
2014-01-14 10:23:06.147 [main] INFO    com.objectaid.uml.util.extend.ExecutableExtensionManager loadExtensions: found com.objectaid.uml.accessors="com.objectaid.uml.model.accessor.ReflectionAccessor" id="always-add-relationships" property="relationshipAddOptions.alwaysAddRelationships" type="java.lang.Boolean" 
2014-01-14 10:23:06.148 [main] INFO    com.objectaid.uml.util.extend.ExecutableExtensionManager loadExtensions: found com.objectaid.uml.accessors="com.objectaid.uml.model.accessor.ReflectionAccessor" id="add-generalizations" property="relationshipAddOptions.addGeneralizations" type="java.lang.Boolean" 
2014-01-14 10:23:06.148 [main] INFO    com.objectaid.uml.util.extend.ExecutableExtensionManager loadExtensions: found com.objectaid.uml.accessors="com.objectaid.uml.model.accessor.ReflectionAccessor" id="add-realizations" property="relationshipAddOptions.addRealizations" type="java.lang.Boolean" 
2014-01-14 10:23:06.149 [main] INFO    com.objectaid.uml.util.extend.ExecutableExtensionManager loadExtensions: found com.objectaid.uml.accessors="com.objectaid.uml.model.accessor.ReflectionAccessor" id="add-associations" property="relationshipAddOptions.addAssociations" type="java.lang.Boolean" 
2014-01-14 10:23:06.149 [main] INFO    com.objectaid.uml.util.extend.ExecutableExtensionManager loadExtensions: found com.objectaid.uml.accessors="com.objectaid.uml.model.accessor.ReflectionAccessor" id="add-dependencies" property="relationshipAddOptions.addDependencies" type="java.lang.Boolean" 
2014-01-14 10:23:06.150 [main] INFO    com.objectaid.uml.util.extend.ExecutableExtensionManager loadExtensions: found com.objectaid.uml.accessors="com.objectaid.uml.model.accessor.ReflectionAccessor" id="add-nesting-relationships" property="relationshipAddOptions.addNestingRelationships" type="java.lang.Boolean" 
2014-01-14 10:23:06.153 [main] WARNING com.objectaid.uml.controller.delegate.ReflectionAccessorActionDelegate getAccessor: cannot find accessor for action show-property-accessors
2014-01-14 10:23:06.157 [main] WARNING com.objectaid.uml.controller.delegate.ReflectionAccessorActionDelegate getAccessor: cannot find accessor for action background-color
2014-01-14 10:23:06.157 [main] WARNING com.objectaid.uml.controller.delegate.ReflectionAccessorActionDelegate getAccessor: cannot find accessor for action background-default
2014-01-14 10:23:09.099 [main] WARNING com.objectaid.uml.util.EclipseHelper loadClass: cannot find com.objectaid.uml.addon.doc.TextLinkCreationEditPolicy in [], no license for [com.objectaid.uml.addon]
2014-01-14 10:23:09.101 [main] WARNING com.objectaid.uml.util.EclipseHelper loadClass: cannot find com.objectaid.uml.addon.doc.TextLinkCreationEditPolicy in [], no license for [com.objectaid.uml.addon]
2014-01-14 10:23:09.103 [main] WARNING com.objectaid.uml.util.EclipseHelper loadClass: cannot find com.objectaid.uml.addon.doc.TextLinkCreationEditPolicy in [], no license for [com.objectaid.uml.addon]
2014-01-14 10:23:09.106 [main] WARNING com.objectaid.uml.util.EclipseHelper loadClass: cannot find com.objectaid.uml.addon.doc.TextLinkCreationEditPolicy in [], no license for [com.objectaid.uml.addon]
2014-01-14 10:23:09.108 [main] WARNING com.objectaid.uml.util.EclipseHelper loadClass: cannot find com.objectaid.uml.addon.doc.TextLinkCreationEditPolicy in [], no license for [com.objectaid.uml.addon]
2014-01-14 10:24:28.268 [main] WARNING com.objectaid.uml.util.EclipseHelper loadClass: cannot find com.objectaid.uml.addon.doc.TextDiagramEditPolicy in [], no license for [com.objectaid.uml.addon]
2014-01-14 10:24:28.269 [main] WARNING com.objectaid.uml.util.EclipseHelper loadClass: cannot find com.objectaid.uml.addon.doc.TextLinkCreationEditPolicy in [], no license for [com.objectaid.uml.addon]
2014-01-14 10:24:28.270 [main] WARNING com.objectaid.uml.util.EclipseHelper loadClass: cannot find com.objectaid.uml.addon.doc.TextLinkCreationEditPolicy in [], no license for [com.objectaid.uml.addon]
2014-01-14 10:24:28.271 [main] WARNING com.objectaid.uml.util.EclipseHelper loadClass: cannot find com.objectaid.uml.addon.doc.TextLinkCreationEditPolicy in [], no license for [com.objectaid.uml.addon]
2014-01-14 10:24:28.272 [main] WARNING com.objectaid.uml.util.EclipseHelper loadClass: cannot find com.objectaid.uml.addon.doc.TextLinkCreationEditPolicy in [], no license for [com.objectaid.uml.addon]
2014-01-14 10:24:28.272 [main] WARNING com.objectaid.uml.util.EclipseHelper loadClass: cannot find com.objectaid.uml.addon.doc.TextLinkCreationEditPolicy in [], no license for [com.objectaid.uml.addon]
2014-01-14 10:24:28.273 [main] WARNING com.objectaid.uml.util.EclipseHelper loadClass: cannot find com.objectaid.uml.addon.doc.TextLinkCreationEditPolicy in [], no license for [com.objectaid.uml.addon]
2014-01-14 10:24:28.274 [main] WARNING com.objectaid.uml.util.EclipseHelper loadClass: cannot find com.objectaid.uml.addon.doc.TextLinkCreationEditPolicy in [], no license for [com.objectaid.uml.addon]
2014-01-14 10:24:28.274 [main] WARNING com.objectaid.uml.util.EclipseHelper loadClass: cannot find com.objectaid.uml.addon.doc.TextLinkCreationEditPolicy in [], no license for [com.objectaid.uml.addon]
2014-01-14 10:24:28.275 [main] WARNING com.objectaid.uml.util.EclipseHelper loadClass: cannot find com.objectaid.uml.addon.doc.TextLinkCreationEditPolicy in [], no license for [com.objectaid.uml.addon]
2014-01-14 10:24:28.276 [main] WARNING com.objectaid.uml.util.EclipseHelper loadClass: cannot find com.objectaid.uml.addon.doc.TextLinkCreationEditPolicy in [], no license for [com.objectaid.uml.addon]
2014-01-14 10:24:28.276 [main] WARNING com.objectaid.uml.util.EclipseHelper loadClass: cannot find com.objectaid.uml.addon.doc.TextLinkCreationEditPolicy in [], no license for [com.objectaid.uml.addon]
2014-01-14 10:24:28.277 [main] WARNING com.objectaid.uml.util.EclipseHelper loadClass: cannot find com.objectaid.uml.addon.edit.MultiplicityDirectEditPolicy in [], no license for [com.objectaid.uml.addon]
2014-01-14 10:24:28.278 [main] WARNING com.objectaid.uml.util.EclipseHelper loadClass: cannot find com.objectaid.uml.addon.doc.TextLinkCreationEditPolicy in [], no license for [com.objectaid.uml.addon]
2014-01-14 10:24:28.279 [main] WARNING com.objectaid.uml.util.EclipseHelper loadClass: cannot find com.objectaid.uml.addon.doc.TextLinkCreationEditPolicy in [], no license for [com.objectaid.uml.addon]
2014-01-14 10:24:28.280 [main] WARNING com.objectaid.uml.util.EclipseHelper loadClass: cannot find com.objectaid.uml.addon.doc.TextLinkCreationEditPolicy in [], no license for [com.objectaid.uml.addon]
2014-01-14 10:24:28.282 [main] WARNING com.objectaid.uml.util.EclipseHelper loadClass: cannot find com.objectaid.uml.addon.doc.TextLinkCreationEditPolicy in [], no license for [com.objectaid.uml.addon]
2014-01-14 10:24:28.283 [main] WARNING com.objectaid.uml.util.EclipseHelper loadClass: cannot find com.objectaid.uml.addon.doc.TextLinkCreationEditPolicy in [], no license for [com.objectaid.uml.addon]
2014-01-14 10:24:28.283 [main] WARNING com.objectaid.uml.util.EclipseHelper loadClass: cannot find com.objectaid.uml.addon.doc.TextLinkCreationEditPolicy in [], no license for [com.objectaid.uml.addon]
2014-01-14 10:24:28.284 [main] WARNING com.objectaid.uml.util.EclipseHelper loadClass: cannot find com.objectaid.uml.addon.edit.MultiplicityDirectEditPolicy in [], no license for [com.objectaid.uml.addon]
2014-01-14 10:24:28.285 [main] WARNING com.objectaid.uml.util.EclipseHelper loadClass: cannot find com.objectaid.uml.addon.doc.TextLinkCreationEditPolicy in [], no license for [com.objectaid.uml.addon]
2014-01-14 10:24:28.286 [main] WARNING com.objectaid.uml.util.EclipseHelper loadClass: cannot find com.objectaid.uml.addon.doc.TextLinkCreationEditPolicy in [], no license for [com.objectaid.uml.addon]
2014-01-14 10:24:28.287 [main] WARNING com.objectaid.uml.util.EclipseHelper loadClass: cannot find com.objectaid.uml.addon.doc.TextLinkCreationEditPolicy in [], no license for [com.objectaid.uml.addon]
2014-01-14 10:24:28.287 [main] WARNING com.objectaid.uml.util.EclipseHelper loadClass: cannot find com.objectaid.uml.addon.edit.MultiplicityDirectEditPolicy in [], no license for [com.objectaid.uml.addon]
2014-01-14 10:24:28.288 [main] WARNING com.objectaid.uml.util.EclipseHelper loadClass: cannot find com.objectaid.uml.addon.doc.TextLinkCreationEditPolicy in [], no license for [com.objectaid.uml.addon]
2014-01-14 10:24:28.289 [main] WARNING com.objectaid.uml.util.EclipseHelper loadClass: cannot find com.objectaid.uml.addon.doc.TextLinkCreationEditPolicy in [], no license for [com.objectaid.uml.addon]
2014-01-14 10:24:28.296 [main] WARNING com.objectaid.uml.util.EclipseHelper loadClass: cannot find com.objectaid.uml.addon.doc.TextLinkCreationEditPolicy in [], no license for [com.objectaid.uml.addon]
2014-01-14 10:24:28.298 [main] WARNING com.objectaid.uml.util.EclipseHelper loadClass: cannot find com.objectaid.uml.addon.doc.TextLinkCreationEditPolicy in [], no license for [com.objectaid.uml.addon]
2014-01-14 10:24:28.298 [main] WARNING com.objectaid.uml.util.EclipseHelper loadClass: cannot find com.objectaid.uml.addon.doc.TextLinkCreationEditPolicy in [], no license for [com.objectaid.uml.addon]
2014-01-14 10:24:28.300 [main] WARNING com.objectaid.uml.util.EclipseHelper loadClass: cannot find com.objectaid.uml.addon.doc.TextLinkCreationEditPolicy in [], no license for [com.objectaid.uml.addon]
2014-01-14 10:24:28.301 [main] WARNING com.objectaid.uml.util.EclipseHelper loadClass: cannot find com.objectaid.uml.addon.doc.TextLinkCreationEditPolicy in [], no license for [com.objectaid.uml.addon]
2014-01-14 10:24:28.301 [main] WARNING com.objectaid.uml.util.EclipseHelper loadClass: cannot find com.objectaid.uml.addon.doc.TextLinkCreationEditPolicy in [], no license for [com.objectaid.uml.addon]
2014-01-14 10:24:28.303 [main] WARNING com.objectaid.uml.util.EclipseHelper loadClass: cannot find com.objectaid.uml.addon.doc.TextLinkCreationEditPolicy in [], no license for [com.objectaid.uml.addon]
2014-01-14 10:24:28.303 [main] WARNING com.objectaid.uml.util.EclipseHelper loadClass: cannot find com.objectaid.uml.addon.doc.TextLinkCreationEditPolicy in [], no license for [com.objectaid.uml.addon]
2014-01-14 10:24:28.304 [main] WARNING com.objectaid.uml.util.EclipseHelper loadClass: cannot find com.objectaid.uml.addon.doc.TextLinkCreationEditPolicy in [], no license for [com.objectaid.uml.addon]
2014-01-14 10:24:28.305 [main] WARNING com.objectaid.uml.util.EclipseHelper loadClass: cannot find com.objectaid.uml.addon.doc.TextLinkCreationEditPolicy in [], no license for [com.objectaid.uml.addon]
2014-01-14 10:24:28.306 [main] WARNING com.objectaid.uml.util.EclipseHelper loadClass: cannot find com.objectaid.uml.addon.doc.TextLinkCreationEditPolicy in [], no license for [com.objectaid.uml.addon]
2014-01-14 10:24:28.307 [main] WARNING com.objectaid.uml.util.EclipseHelper loadClass: cannot find com.objectaid.uml.addon.doc.TextLinkCreationEditPolicy in [], no license for [com.objectaid.uml.addon]
2014-01-14 10:24:28.307 [main] WARNING com.objectaid.uml.util.EclipseHelper loadClass: cannot find com.objectaid.uml.addon.doc.TextLinkCreationEditPolicy in [], no license for [com.objectaid.uml.addon]
2014-01-14 10:24:28.309 [main] WARNING com.objectaid.uml.util.EclipseHelper loadClass: cannot find com.objectaid.uml.addon.doc.TextLinkCreationEditPolicy in [], no license for [com.objectaid.uml.addon]
2014-01-14 10:24:28.310 [main] WARNING com.objectaid.uml.util.EclipseHelper loadClass: cannot find com.objectaid.uml.addon.edit.MultiplicityDirectEditPolicy in [], no license for [com.objectaid.uml.addon]
2014-01-14 10:24:28.311 [main] WARNING com.objectaid.uml.util.EclipseHelper loadClass: cannot find com.objectaid.uml.addon.doc.TextLinkCreationEditPolicy in [], no license for [com.objectaid.uml.addon]
2014-01-14 10:24:28.311 [main] WARNING com.objectaid.uml.util.EclipseHelper loadClass: cannot find com.objectaid.uml.addon.doc.TextLinkCreationEditPolicy in [], no license for [com.objectaid.uml.addon]
2014-01-14 10:24:28.312 [main] WARNING com.objectaid.uml.util.EclipseHelper loadClass: cannot find com.objectaid.uml.addon.doc.TextLinkCreationEditPolicy in [], no license for [com.objectaid.uml.addon]
2014-01-14 10:24:28.313 [main] WARNING com.objectaid.uml.util.EclipseHelper loadClass: cannot find com.objectaid.uml.addon.doc.TextLinkCreationEditPolicy in [], no license for [com.objectaid.uml.addon]
2014-01-14 10:24:28.314 [main] WARNING com.objectaid.uml.util.EclipseHelper loadClass: cannot find com.objectaid.uml.addon.edit.MultiplicityDirectEditPolicy in [], no license for [com.objectaid.uml.addon]
2014-01-14 10:24:28.314 [main] WARNING com.objectaid.uml.util.EclipseHelper loadClass: cannot find com.objectaid.uml.addon.doc.TextLinkCreationEditPolicy in [], no license for [com.objectaid.uml.addon]
2014-01-14 10:24:28.315 [main] WARNING com.objectaid.uml.util.EclipseHelper loadClass: cannot find com.objectaid.uml.addon.doc.TextLinkCreationEditPolicy in [], no license for [com.objectaid.uml.addon]
2014-01-14 10:24:28.316 [main] WARNING com.objectaid.uml.util.EclipseHelper loadClass: cannot find com.objectaid.uml.addon.doc.TextLinkCreationEditPolicy in [], no license for [com.objectaid.uml.addon]
2014-01-14 10:24:28.317 [main] WARNING com.objectaid.uml.util.EclipseHelper loadClass: cannot find com.objectaid.uml.addon.doc.TextLinkCreationEditPolicy in [], no license for [com.objectaid.uml.addon]
2014-01-14 10:24:28.318 [main] WARNING com.objectaid.uml.util.EclipseHelper loadClass: cannot find com.objectaid.uml.addon.doc.TextLinkCreationEditPolicy in [], no license for [com.objectaid.uml.addon]
2014-01-14 10:24:28.319 [main] WARNING com.objectaid.uml.util.EclipseHelper loadClass: cannot find com.objectaid.uml.addon.edit.MultiplicityDirectEditPolicy in [], no license for [com.objectaid.uml.addon]
2014-01-14 10:24:28.320 [main] WARNING com.objectaid.uml.util.EclipseHelper loadClass: cannot find com.objectaid.uml.addon.doc.TextLinkCreationEditPolicy in [], no license for [com.objectaid.uml.addon]
2014-01-14 10:24:28.321 [main] WARNING com.objectaid.uml.util.EclipseHelper loadClass: cannot find com.objectaid.uml.addon.doc.TextLinkCreationEditPolicy in [], no license for [com.objectaid.uml.addon]
2014-01-14 10:24:28.322 [main] WARNING com.objectaid.uml.util.EclipseHelper loadClass: cannot find com.objectaid.uml.addon.doc.TextLinkCreationEditPolicy in [], no license for [com.objectaid.uml.addon]
2014-01-14 10:24:28.324 [main] WARNING com.objectaid.uml.util.EclipseHelper loadClass: cannot find com.objectaid.uml.addon.doc.TextLinkCreationEditPolicy in [], no license for [com.objectaid.uml.addon]
2014-01-14 10:24:28.325 [main] WARNING com.objectaid.uml.util.EclipseHelper loadClass: cannot find com.objectaid.uml.addon.doc.TextLinkCreationEditPolicy in [], no license for [com.objectaid.uml.addon]
2014-01-14 10:24:28.326 [main] WARNING com.objectaid.uml.util.EclipseHelper loadClass: cannot find com.objectaid.uml.addon.doc.TextLinkCreationEditPolicy in [], no license for [com.objectaid.uml.addon]
2014-01-14 10:24:28.327 [main] WARNING com.objectaid.uml.util.EclipseHelper loadClass: cannot find com.objectaid.uml.addon.doc.TextLinkCreationEditPolicy in [], no license for [com.objectaid.uml.addon]
2014-01-14 10:24:28.329 [main] WARNING com.objectaid.uml.util.EclipseHelper loadClass: cannot find com.objectaid.uml.addon.doc.TextLinkCreationEditPolicy in [], no license for [com.objectaid.uml.addon]
2014-01-14 10:24:28.330 [main] WARNING com.objectaid.uml.util.EclipseHelper loadClass: cannot find com.objectaid.uml.addon.doc.TextLinkCreationEditPolicy in [], no license for [com.objectaid.uml.addon]
2014-01-14 10:26:53.203 [main] WARNING com.objectaid.uml.util.EclipseHelper loadClass: cannot find com.objectaid.uml.addon.doc.TextLinkCreationEditPolicy in [], no license for [com.objectaid.uml.addon]
2014-01-14 10:26:53.205 [main] WARNING com.objectaid.uml.util.EclipseHelper loadClass: cannot find com.objectaid.uml.addon.doc.TextLinkCreationEditPolicy in [], no license for [com.objectaid.uml.addon]
2014-01-14 10:27:23.393 [main] WARNING com.objectaid.uml.util.EclipseHelper loadClass: cannot find com.objectaid.uml.addon.doc.TextDiagramEditPolicy in [], no license for [com.objectaid.uml.addon]
2014-01-14 10:27:23.394 [main] WARNING com.objectaid.uml.util.EclipseHelper loadClass: cannot find com.objectaid.uml.addon.doc.TextLinkCreationEditPolicy in [], no license for [com.objectaid.uml.addon]
2014-01-14 10:27:23.395 [main] WARNING com.objectaid.uml.util.EclipseHelper loadClass: cannot find com.objectaid.uml.addon.doc.TextLinkCreationEditPolicy in [], no license for [com.objectaid.uml.addon]
2014-01-14 10:27:23.396 [main] WARNING com.objectaid.uml.util.EclipseHelper loadClass: cannot find com.objectaid.uml.addon.edit.MultiplicityDirectEditPolicy in [], no license for [com.objectaid.uml.addon]
2014-01-14 10:27:23.397 [main] WARNING com.objectaid.uml.util.EclipseHelper loadClass: cannot find com.objectaid.uml.addon.doc.TextLinkCreationEditPolicy in [], no license for [com.objectaid.uml.addon]
2014-01-14 10:27:23.397 [main] WARNING com.objectaid.uml.util.EclipseHelper loadClass: cannot find com.objectaid.uml.addon.edit.MultiplicityDirectEditPolicy in [], no license for [com.objectaid.uml.addon]
2014-01-14 10:27:23.398 [main] WARNING com.objectaid.uml.util.EclipseHelper loadClass: cannot find com.objectaid.uml.addon.doc.TextLinkCreationEditPolicy in [], no license for [com.objectaid.uml.addon]
2014-01-14 10:27:23.400 [main] WARNING com.objectaid.uml.util.EclipseHelper loadClass: cannot find com.objectaid.uml.addon.doc.TextLinkCreationEditPolicy in [], no license for [com.objectaid.uml.addon]
2014-01-14 10:27:23.401 [main] WARNING com.objectaid.uml.util.EclipseHelper loadClass: cannot find com.objectaid.uml.addon.doc.TextLinkCreationEditPolicy in [], no license for [com.objectaid.uml.addon]
2014-01-14 10:27:23.402 [main] WARNING com.objectaid.uml.util.EclipseHelper loadClass: cannot find com.objectaid.uml.addon.doc.TextLinkCreationEditPolicy in [], no license for [com.objectaid.uml.addon]
2014-01-14 10:27:23.403 [main] WARNING com.objectaid.uml.util.EclipseHelper loadClass: cannot find com.objectaid.uml.addon.doc.TextLinkCreationEditPolicy in [], no license for [com.objectaid.uml.addon]
2014-01-14 10:27:23.403 [main] WARNING com.objectaid.uml.util.EclipseHelper loadClass: cannot find com.objectaid.uml.addon.doc.TextLinkCreationEditPolicy in [], no license for [com.objectaid.uml.addon]
2014-01-14 10:27:23.409 [main] WARNING com.objectaid.uml.util.EclipseHelper loadClass: cannot find com.objectaid.uml.addon.doc.TextLinkCreationEditPolicy in [], no license for [com.objectaid.uml.addon]
2014-01-14 10:27:23.410 [main] WARNING com.objectaid.uml.util.EclipseHelper loadClass: cannot find com.objectaid.uml.addon.edit.MultiplicityDirectEditPolicy in [], no license for [com.objectaid.uml.addon]
2014-01-14 10:27:23.411 [main] WARNING com.objectaid.uml.util.EclipseHelper loadClass: cannot find com.objectaid.uml.addon.doc.TextLinkCreationEditPolicy in [], no license for [com.objectaid.uml.addon]
2014-01-14 10:27:23.412 [main] WARNING com.objectaid.uml.util.EclipseHelper loadClass: cannot find com.objectaid.uml.addon.doc.TextLinkCreationEditPolicy in [], no license for [com.objectaid.uml.addon]
2014-01-14 10:27:23.413 [main] WARNING com.objectaid.uml.util.EclipseHelper loadClass: cannot find com.objectaid.uml.addon.doc.TextLinkCreationEditPolicy in [], no license for [com.objectaid.uml.addon]
2014-01-14 10:27:23.414 [main] WARNING com.objectaid.uml.util.EclipseHelper loadClass: cannot find com.objectaid.uml.addon.doc.TextLinkCreationEditPolicy in [], no license for [com.objectaid.uml.addon]
2014-01-14 10:27:23.415 [main] WARNING com.objectaid.uml.util.EclipseHelper loadClass: cannot find com.objectaid.uml.addon.edit.MultiplicityDirectEditPolicy in [], no license for [com.objectaid.uml.addon]
2014-01-14 10:27:23.416 [main] WARNING com.objectaid.uml.util.EclipseHelper loadClass: cannot find com.objectaid.uml.addon.doc.TextLinkCreationEditPolicy in [], no license for [com.objectaid.uml.addon]
2014-01-14 10:27:23.416 [main] WARNING com.objectaid.uml.util.EclipseHelper loadClass: cannot find com.objectaid.uml.addon.doc.TextLinkCreationEditPolicy in [], no license for [com.objectaid.uml.addon]
2014-01-14 10:27:23.417 [main] WARNING com.objectaid.uml.util.EclipseHelper loadClass: cannot find com.objectaid.uml.addon.edit.MultiplicityDirectEditPolicy in [], no license for [com.objectaid.uml.addon]
2014-01-14 10:27:23.418 [main] WARNING com.objectaid.uml.util.EclipseHelper loadClass: cannot find com.objectaid.uml.addon.doc.TextLinkCreationEditPolicy in [], no license for [com.objectaid.uml.addon]
2014-01-14 10:27:23.419 [main] WARNING com.objectaid.uml.util.EclipseHelper loadClass: cannot find com.objectaid.uml.addon.doc.TextLinkCreationEditPolicy in [], no license for [com.objectaid.uml.addon]
2014-01-14 10:27:23.420 [main] WARNING com.objectaid.uml.util.EclipseHelper loadClass: cannot find com.objectaid.uml.addon.edit.MultiplicityDirectEditPolicy in [], no license for [com.objectaid.uml.addon]
2014-01-14 10:27:23.420 [main] WARNING com.objectaid.uml.util.EclipseHelper loadClass: cannot find com.objectaid.uml.addon.doc.TextLinkCreationEditPolicy in [], no license for [com.objectaid.uml.addon]
2014-01-14 10:27:23.421 [main] WARNING com.objectaid.uml.util.EclipseHelper loadClass: cannot find com.objectaid.uml.addon.edit.MultiplicityDirectEditPolicy in [], no license for [com.objectaid.uml.addon]
2014-01-14 10:27:23.422 [main] WARNING com.objectaid.uml.util.EclipseHelper loadClass: cannot find com.objectaid.uml.addon.doc.TextLinkCreationEditPolicy in [], no license for [com.objectaid.uml.addon]
2014-01-14 10:27:23.424 [main] WARNING com.objectaid.uml.util.EclipseHelper loadClass: cannot find com.objectaid.uml.addon.doc.TextLinkCreationEditPolicy in [], no license for [com.objectaid.uml.addon]
2014-01-14 10:27:23.425 [main] WARNING com.objectaid.uml.util.EclipseHelper loadClass: cannot find com.objectaid.uml.addon.doc.TextLinkCreationEditPolicy in [], no license for [com.objectaid.uml.addon]
2014-01-14 10:27:23.426 [main] WARNING com.objectaid.uml.util.EclipseHelper loadClass: cannot find com.objectaid.uml.addon.doc.TextLinkCreationEditPolicy in [], no license for [com.objectaid.uml.addon]
2014-01-14 10:27:23.427 [main] WARNING com.objectaid.uml.util.EclipseHelper loadClass: cannot find com.objectaid.uml.addon.doc.TextLinkCreationEditPolicy in [], no license for [com.objectaid.uml.addon]
2014-01-14 10:27:23.428 [main] WARNING com.objectaid.uml.util.EclipseHelper loadClass: cannot find com.objectaid.uml.addon.doc.TextLinkCreationEditPolicy in [], no license for [com.objectaid.uml.addon]
2014-01-14 10:27:23.429 [main] WARNING com.objectaid.uml.util.EclipseHelper loadClass: cannot find com.objectaid.uml.addon.doc.TextLinkCreationEditPolicy in [], no license for [com.objectaid.uml.addon]
2014-01-14 10:27:23.432 [main] WARNING com.objectaid.uml.util.EclipseHelper loadClass: cannot find com.objectaid.uml.addon.doc.TextLinkCreationEditPolicy in [], no license for [com.objectaid.uml.addon]
2014-01-14 10:27:23.434 [main] WARNING com.objectaid.uml.util.EclipseHelper loadClass: cannot find com.objectaid.uml.addon.doc.TextLinkCreationEditPolicy in [], no license for [com.objectaid.uml.addon]
2014-01-14 10:27:23.435 [main] WARNING com.objectaid.uml.util.EclipseHelper loadClass: cannot find com.objectaid.uml.addon.doc.TextLinkCreationEditPolicy in [], no license for [com.objectaid.uml.addon]
2014-01-14 10:27:23.435 [main] WARNING com.objectaid.uml.util.EclipseHelper loadClass: cannot find com.objectaid.uml.addon.doc.TextLinkCreationEditPolicy in [], no license for [com.objectaid.uml.addon]
2014-01-14 10:27:23.437 [main] WARNING com.objectaid.uml.util.EclipseHelper loadClass: cannot find com.objectaid.uml.addon.doc.TextLinkCreationEditPolicy in [], no license for [com.objectaid.uml.addon]
2014-01-14 10:30:04.374 [Worker-23] WARNING com.objectaid.uml.java.ClassifierDependencyCandidateFactory$DependencyVisitor visit: MethodInvocation.resolveMethodBinding() failed for area.append(quantit? + " x " + pizzeria.getListaPizze().get(i).toString()+ " = "+ calcolaRisultatoParziale(i)+ " Euro")
2014-01-14 10:30:04.375 [Worker-23] WARNING com.objectaid.uml.java.ClassifierDependencyCandidateFactory$DependencyVisitor visit: MethodInvocation.resolveMethodBinding() failed for pizzeria.getListaPizze().get(i).toString()
2014-01-14 10:30:04.376 [Worker-23] WARNING com.objectaid.uml.java.ClassifierDependencyCandidateFactory$DependencyVisitor visit: MethodInvocation.resolveMethodBinding() failed for pizzeria.getListaPizze().get(i)
2014-01-14 10:30:04.376 [Worker-23] WARNING com.objectaid.uml.java.ClassifierDependencyCandidateFactory$DependencyVisitor visit: MethodInvocation.resolveMethodBinding() failed for pizzeria.getListaPizze()
2014-01-14 10:30:04.376 [Worker-23] WARNING com.objectaid.uml.java.ClassifierDependencyCandidateFactory$DependencyVisitor visit: MethodInvocation.resolveMethodBinding() failed for calcolaRisultatoParziale(i)
2014-01-14 10:30:04.377 [Worker-23] WARNING com.objectaid.uml.java.ClassifierDependencyCandidateFactory$DependencyVisitor visit: MethodInvocation.resolveMethodBinding() failed for area.append(newLine)
2014-01-14 10:30:04.377 [Worker-23] WARNING com.objectaid.uml.java.ClassifierDependencyCandidateFactory$DependencyVisitor visit: MethodInvocation.resolveMethodBinding() failed for cassa.aggiungiProdotti(pizzeria.getListaPizze().get(i),quantit?)
2014-01-14 10:30:04.378 [Worker-23] WARNING com.objectaid.uml.java.ClassifierDependencyCandidateFactory$DependencyVisitor visit: MethodInvocation.resolveMethodBinding() failed for pizzeria.getListaPizze().get(i)
2014-01-14 10:30:04.378 [Worker-23] WARNING com.objectaid.uml.java.ClassifierDependencyCandidateFactory$DependencyVisitor visit: MethodInvocation.resolveMethodBinding() failed for pizzeria.getListaPizze()
2014-01-14 10:31:11.455 [Worker-23] WARNING com.objectaid.uml.java.ClassifierDependencyCandidateFactory$DependencyVisitor visit: MethodInvocation.resolveMethodBinding() failed for area.append(quantit? + " x " + pizzeria.getListaPizze().get(i).toString()+ " = "+ calcolaRisultatoParziale(i)+ " Euro")
2014-01-14 10:31:11.455 [Worker-23] WARNING com.objectaid.uml.java.ClassifierDependencyCandidateFactory$DependencyVisitor visit: MethodInvocation.resolveMethodBinding() failed for pizzeria.getListaPizze().get(i).toString()
2014-01-14 10:31:11.456 [Worker-23] WARNING com.objectaid.uml.java.ClassifierDependencyCandidateFactory$DependencyVisitor visit: MethodInvocation.resolveMethodBinding() failed for pizzeria.getListaPizze().get(i)
2014-01-14 10:31:11.456 [Worker-23] WARNING com.objectaid.uml.java.ClassifierDependencyCandidateFactory$DependencyVisitor visit: MethodInvocation.resolveMethodBinding() failed for pizzeria.getListaPizze()
2014-01-14 10:31:11.457 [Worker-23] WARNING com.objectaid.uml.java.ClassifierDependencyCandidateFactory$DependencyVisitor visit: MethodInvocation.resolveMethodBinding() failed for calcolaRisultatoParziale(i)
2014-01-14 10:31:11.457 [Worker-23] WARNING com.objectaid.uml.java.ClassifierDependencyCandidateFactory$DependencyVisitor visit: MethodInvocation.resolveMethodBinding() failed for area.append(newLine)
2014-01-14 10:31:11.457 [Worker-23] WARNING com.objectaid.uml.java.ClassifierDependencyCandidateFactory$DependencyVisitor visit: MethodInvocation.resolveMethodBinding() failed for cassa.aggiungiProdotti(pizzeria.getListaPizze().get(i),quantit?)
2014-01-14 10:31:11.458 [Worker-23] WARNING com.objectaid.uml.java.ClassifierDependencyCandidateFactory$DependencyVisitor visit: MethodInvocation.resolveMethodBinding() failed for pizzeria.getListaPizze().get(i)
2014-01-14 10:31:11.458 [Worker-23] WARNING com.objectaid.uml.java.ClassifierDependencyCandidateFactory$DependencyVisitor visit: MethodInvocation.resolveMethodBinding() failed for pizzeria.getListaPizze()
2014-01-14 10:32:04.038 [Worker-24] WARNING com.objectaid.uml.java.ClassifierDependencyCandidateFactory$DependencyVisitor visit: MethodInvocation.resolveMethodBinding() failed for area.append(quantit? + " x " + pizzeria.getListaPizze().get(i).toString()+ " = "+ calcolaRisultatoParziale(i)+ " Euro")
2014-01-14 10:32:04.039 [Worker-24] WARNING com.objectaid.uml.java.ClassifierDependencyCandidateFactory$DependencyVisitor visit: MethodInvocation.resolveMethodBinding() failed for pizzeria.getListaPizze().get(i).toString()
2014-01-14 10:32:04.039 [Worker-24] WARNING com.objectaid.uml.java.ClassifierDependencyCandidateFactory$DependencyVisitor visit: MethodInvocation.resolveMethodBinding() failed for pizzeria.getListaPizze().get(i)
2014-01-14 10:32:04.040 [Worker-24] WARNING com.objectaid.uml.java.ClassifierDependencyCandidateFactory$DependencyVisitor visit: MethodInvocation.resolveMethodBinding() failed for pizzeria.getListaPizze()
2014-01-14 10:32:04.040 [Worker-24] WARNING com.objectaid.uml.java.ClassifierDependencyCandidateFactory$DependencyVisitor visit: MethodInvocation.resolveMethodBinding() failed for calcolaRisultatoParziale(i)
2014-01-14 10:32:04.041 [Worker-24] WARNING com.objectaid.uml.java.ClassifierDependencyCandidateFactory$DependencyVisitor visit: MethodInvocation.resolveMethodBinding() failed for area.append(newLine)
2014-01-14 10:32:04.041 [Worker-24] WARNING com.objectaid.uml.java.ClassifierDependencyCandidateFactory$DependencyVisitor visit: MethodInvocation.resolveMethodBinding() failed for cassa.aggiungiProdotti(pizzeria.getListaPizze().get(i),quantit?)
2014-01-14 10:32:04.042 [Worker-24] WARNING com.objectaid.uml.java.ClassifierDependencyCandidateFactory$DependencyVisitor visit: MethodInvocation.resolveMethodBinding() failed for pizzeria.getListaPizze().get(i)
2014-01-14 10:32:04.043 [Worker-24] WARNING com.objectaid.uml.java.ClassifierDependencyCandidateFactory$DependencyVisitor visit: MethodInvocation.resolveMethodBinding() failed for pizzeria.getListaPizze()
2014-01-14 10:32:32.143 [Worker-24] WARNING com.objectaid.uml.java.ClassifierDependencyCandidateFactory$DependencyVisitor visit: MethodInvocation.resolveMethodBinding() failed for area.append(quantit? + " x " + pizzeria.getListaPizze().get(i).toString()+ " = "+ calcolaRisultatoParziale(i)+ " Euro")
2014-01-14 10:32:32.144 [Worker-24] WARNING com.objectaid.uml.java.ClassifierDependencyCandidateFactory$DependencyVisitor visit: MethodInvocation.resolveMethodBinding() failed for pizzeria.getListaPizze().get(i).toString()
2014-01-14 10:32:32.144 [Worker-24] WARNING com.objectaid.uml.java.ClassifierDependencyCandidateFactory$DependencyVisitor visit: MethodInvocation.resolveMethodBinding() failed for pizzeria.getListaPizze().get(i)
2014-01-14 10:32:32.145 [Worker-24] WARNING com.objectaid.uml.java.ClassifierDependencyCandidateFactory$DependencyVisitor visit: MethodInvocation.resolveMethodBinding() failed for pizzeria.getListaPizze()
2014-01-14 10:32:32.145 [Worker-24] WARNING com.objectaid.uml.java.ClassifierDependencyCandidateFactory$DependencyVisitor visit: MethodInvocation.resolveMethodBinding() failed for calcolaRisultatoParziale(i)
2014-01-14 10:32:32.146 [Worker-24] WARNING com.objectaid.uml.java.ClassifierDependencyCandidateFactory$DependencyVisitor visit: MethodInvocation.resolveMethodBinding() failed for area.append(newLine)
2014-01-14 10:32:32.146 [Worker-24] WARNING com.objectaid.uml.java.ClassifierDependencyCandidateFactory$DependencyVisitor visit: MethodInvocation.resolveMethodBinding() failed for cassa.aggiungiProdotti(pizzeria.getListaPizze().get(i),quantit?)
2014-01-14 10:32:32.147 [Worker-24] WARNING com.objectaid.uml.java.ClassifierDependencyCandidateFactory$DependencyVisitor visit: MethodInvocation.resolveMethodBinding() failed for pizzeria.getListaPizze().get(i)
2014-01-14 10:32:32.147 [Worker-24] WARNING com.objectaid.uml.java.ClassifierDependencyCandidateFactory$DependencyVisitor visit: MethodInvocation.resolveMethodBinding() failed for pizzeria.getListaPizze()
2014-01-14 10:32:36.092 [Worker-26] WARNING com.objectaid.uml.java.ClassifierDependencyCandidateFactory$DependencyVisitor visit: MethodInvocation.resolveMethodBinding() failed for area.append(quantit? + " x " + pizzeria.getListaPizze().get(i).toString()+ " = "+ calcolaRisultatoParziale(i)+ " Euro")
2014-01-14 10:32:36.092 [Worker-26] WARNING com.objectaid.uml.java.ClassifierDependencyCandidateFactory$DependencyVisitor visit: MethodInvocation.resolveMethodBinding() failed for pizzeria.getListaPizze().get(i).toString()
2014-01-14 10:32:36.093 [Worker-26] WARNING com.objectaid.uml.java.ClassifierDependencyCandidateFactory$DependencyVisitor visit: MethodInvocation.resolveMethodBinding() failed for pizzeria.getListaPizze().get(i)
2014-01-14 10:32:36.093 [Worker-26] WARNING com.objectaid.uml.java.ClassifierDependencyCandidateFactory$DependencyVisitor visit: MethodInvocation.resolveMethodBinding() failed for pizzeria.getListaPizze()
2014-01-14 10:32:36.094 [Worker-26] WARNING com.objectaid.uml.java.ClassifierDependencyCandidateFactory$DependencyVisitor visit: MethodInvocation.resolveMethodBinding() failed for calcolaRisultatoParziale(i)
2014-01-14 10:32:36.094 [Worker-26] WARNING com.objectaid.uml.java.ClassifierDependencyCandidateFactory$DependencyVisitor visit: MethodInvocation.resolveMethodBinding() failed for area.append(newLine)
2014-01-14 10:32:36.095 [Worker-26] WARNING com.objectaid.uml.java.ClassifierDependencyCandidateFactory$DependencyVisitor visit: MethodInvocation.resolveMethodBinding() failed for cassa.aggiungiProdotti(pizzeria.getListaPizze().get(i),quantit?)
2014-01-14 10:32:36.095 [Worker-26] WARNING com.objectaid.uml.java.ClassifierDependencyCandidateFactory$DependencyVisitor visit: MethodInvocation.resolveMethodBinding() failed for pizzeria.getListaPizze().get(i)
2014-01-14 10:32:36.096 [Worker-26] WARNING com.objectaid.uml.java.ClassifierDependencyCandidateFactory$DependencyVisitor visit: MethodInvocation.resolveMethodBinding() failed for pizzeria.getListaPizze()
2014-01-14 10:32:51.087 [Worker-23] WARNING com.objectaid.uml.java.ClassifierDependencyCandidateFactory$DependencyVisitor visit: MethodInvocation.resolveMethodBinding() failed for area.append(quantit? + " x " + pizzeria.getListaPizze().get(i).toString()+ " = "+ calcolaRisultatoParziale(i)+ " Euro")
2014-01-14 10:32:51.087 [Worker-23] WARNING com.objectaid.uml.java.ClassifierDependencyCandidateFactory$DependencyVisitor visit: MethodInvocation.resolveMethodBinding() failed for pizzeria.getListaPizze().get(i).toString()
2014-01-14 10:32:51.088 [Worker-23] WARNING com.objectaid.uml.java.ClassifierDependencyCandidateFactory$DependencyVisitor visit: MethodInvocation.resolveMethodBinding() failed for pizzeria.getListaPizze().get(i)
2014-01-14 10:32:51.088 [Worker-23] WARNING com.objectaid.uml.java.ClassifierDependencyCandidateFactory$DependencyVisitor visit: MethodInvocation.resolveMethodBinding() failed for pizzeria.getListaPizze()
2014-01-14 10:32:51.089 [Worker-23] WARNING com.objectaid.uml.java.ClassifierDependencyCandidateFactory$DependencyVisitor visit: MethodInvocation.resolveMethodBinding() failed for calcolaRisultatoParziale(i)
2014-01-14 10:32:51.089 [Worker-23] WARNING com.objectaid.uml.java.ClassifierDependencyCandidateFactory$DependencyVisitor visit: MethodInvocation.resolveMethodBinding() failed for area.append(newLine)
2014-01-14 10:32:51.090 [Worker-23] WARNING com.objectaid.uml.java.ClassifierDependencyCandidateFactory$DependencyVisitor visit: MethodInvocation.resolveMethodBinding() failed for cassa.aggiungiProdotti(pizzeria.getListaPizze().get(i),quantit?)
2014-01-14 10:32:51.090 [Worker-23] WARNING com.objectaid.uml.java.ClassifierDependencyCandidateFactory$DependencyVisitor visit: MethodInvocation.resolveMethodBinding() failed for pizzeria.getListaPizze().get(i)
2014-01-14 10:32:51.091 [Worker-23] WARNING com.objectaid.uml.java.ClassifierDependencyCandidateFactory$DependencyVisitor visit: MethodInvocation.resolveMethodBinding() failed for pizzeria.getListaPizze()
2014-01-14 10:33:03.008 [Worker-25] WARNING com.objectaid.uml.java.ClassifierDependencyCandidateFactory$DependencyVisitor visit: MethodInvocation.resolveMethodBinding() failed for area.append(quantit? + " x " + pizzeria.getListaPizze().get(i).toString()+ " = "+ calcolaRisultatoParziale(i)+ " Euro")
2014-01-14 10:33:03.008 [Worker-25] WARNING com.objectaid.uml.java.ClassifierDependencyCandidateFactory$DependencyVisitor visit: MethodInvocation.resolveMethodBinding() failed for pizzeria.getListaPizze().get(i).toString()
2014-01-14 10:33:03.009 [Worker-25] WARNING com.objectaid.uml.java.ClassifierDependencyCandidateFactory$DependencyVisitor visit: MethodInvocation.resolveMethodBinding() failed for pizzeria.getListaPizze().get(i)
2014-01-14 10:33:03.010 [Worker-25] WARNING com.objectaid.uml.java.ClassifierDependencyCandidateFactory$DependencyVisitor visit: MethodInvocation.resolveMethodBinding() failed for pizzeria.getListaPizze()
2014-01-14 10:33:03.010 [Worker-25] WARNING com.objectaid.uml.java.ClassifierDependencyCandidateFactory$DependencyVisitor visit: MethodInvocation.resolveMethodBinding() failed for calcolaRisultatoParziale(i)
2014-01-14 10:33:03.011 [Worker-25] WARNING com.objectaid.uml.java.ClassifierDependencyCandidateFactory$DependencyVisitor visit: MethodInvocation.resolveMethodBinding() failed for area.append(newLine)
2014-01-14 10:33:03.011 [Worker-25] WARNING com.objectaid.uml.java.ClassifierDependencyCandidateFactory$DependencyVisitor visit: MethodInvocation.resolveMethodBinding() failed for cassa.aggiungiProdotti(pizzeria.getListaPizze().get(i),quantit?)
2014-01-14 10:33:03.012 [Worker-25] WARNING com.objectaid.uml.java.ClassifierDependencyCandidateFactory$DependencyVisitor visit: MethodInvocation.resolveMethodBinding() failed for pizzeria.getListaPizze().get(i)
2014-01-14 10:33:03.012 [Worker-25] WARNING com.objectaid.uml.java.ClassifierDependencyCandidateFactory$DependencyVisitor visit: MethodInvocation.resolveMethodBinding() failed for pizzeria.getListaPizze()
2014-01-14 10:33:15.979 [Worker-24] WARNING com.objectaid.uml.java.ClassifierDependencyCandidateFactory$DependencyVisitor visit: MethodInvocation.resolveMethodBinding() failed for area.append(quantit? + " x " + pizzeria.getListaPizze().get(i).toString()+ " = "+ calcolaRisultatoParziale(i)+ " Euro")
2014-01-14 10:33:15.980 [Worker-24] WARNING com.objectaid.uml.java.ClassifierDependencyCandidateFactory$DependencyVisitor visit: MethodInvocation.resolveMethodBinding() failed for pizzeria.getListaPizze().get(i).toString()
2014-01-14 10:33:15.980 [Worker-24] WARNING com.objectaid.uml.java.ClassifierDependencyCandidateFactory$DependencyVisitor visit: MethodInvocation.resolveMethodBinding() failed for pizzeria.getListaPizze().get(i)
2014-01-14 10:33:15.981 [Worker-24] WARNING com.objectaid.uml.java.ClassifierDependencyCandidateFactory$DependencyVisitor visit: MethodInvocation.resolveMethodBinding() failed for pizzeria.getListaPizze()
2014-01-14 10:33:15.981 [Worker-24] WARNING com.objectaid.uml.java.ClassifierDependencyCandidateFactory$DependencyVisitor visit: MethodInvocation.resolveMethodBinding() failed for calcolaRisultatoParziale(i)
2014-01-14 10:33:15.982 [Worker-24] WARNING com.objectaid.uml.java.ClassifierDependencyCandidateFactory$DependencyVisitor visit: MethodInvocation.resolveMethodBinding() failed for area.append(newLine)
2014-01-14 10:33:15.982 [Worker-24] WARNING com.objectaid.uml.java.ClassifierDependencyCandidateFactory$DependencyVisitor visit: MethodInvocation.resolveMethodBinding() failed for cassa.aggiungiProdotti(pizzeria.getListaPizze().get(i),quantit?)
2014-01-14 10:33:15.983 [Worker-24] WARNING com.objectaid.uml.java.ClassifierDependencyCandidateFactory$DependencyVisitor visit: MethodInvocation.resolveMethodBinding() failed for pizzeria.getListaPizze().get(i)
2014-01-14 10:33:15.983 [Worker-24] WARNING com.objectaid.uml.java.ClassifierDependencyCandidateFactory$DependencyVisitor visit: MethodInvocation.resolveMethodBinding() failed for pizzeria.getListaPizze()
2014-01-14 16:05:59.630 [main] WARNING com.objectaid.uml.util.EclipseHelper loadClass: cannot find com.objectaid.uml.addon.doc.TextDiagramEditPolicy in [], no license for [com.objectaid.uml.addon]
2014-01-14 16:05:59.636 [main] WARNING com.objectaid.uml.util.EclipseHelper loadClass: cannot find com.objectaid.uml.addon.doc.TextLinkCreationEditPolicy in [], no license for [com.objectaid.uml.addon]
2014-01-14 16:05:59.638 [main] WARNING com.objectaid.uml.util.EclipseHelper loadClass: cannot find com.objectaid.uml.addon.doc.TextLinkCreationEditPolicy in [], no license for [com.objectaid.uml.addon]
2014-01-14 16:05:59.639 [main] WARNING com.objectaid.uml.util.EclipseHelper loadClass: cannot find com.objectaid.uml.addon.edit.MultiplicityDirectEditPolicy in [], no license for [com.objectaid.uml.addon]
2014-01-14 16:05:59.639 [main] WARNING com.objectaid.uml.util.EclipseHelper loadClass: cannot find com.objectaid.uml.addon.doc.TextLinkCreationEditPolicy in [], no license for [com.objectaid.uml.addon]
2014-01-14 16:05:59.640 [main] WARNING com.objectaid.uml.util.EclipseHelper loadClass: cannot find com.objectaid.uml.addon.edit.MultiplicityDirectEditPolicy in [], no license for [com.objectaid.uml.addon]
2014-01-14 16:05:59.641 [main] WARNING com.objectaid.uml.util.EclipseHelper loadClass: cannot find com.objectaid.uml.addon.doc.TextLinkCreationEditPolicy in [], no license for [com.objectaid.uml.addon]
2014-01-14 16:05:59.642 [main] WARNING com.objectaid.uml.util.EclipseHelper loadClass: cannot find com.objectaid.uml.addon.doc.TextLinkCreationEditPolicy in [], no license for [com.objectaid.uml.addon]
2014-01-14 16:05:59.643 [main] WARNING com.objectaid.uml.util.EclipseHelper loadClass: cannot find com.objectaid.uml.addon.doc.TextLinkCreationEditPolicy in [], no license for [com.objectaid.uml.addon]
2014-01-14 16:05:59.645 [main] WARNING com.objectaid.uml.util.EclipseHelper loadClass: cannot find com.objectaid.uml.addon.doc.TextLinkCreationEditPolicy in [], no license for [com.objectaid.uml.addon]
2014-01-14 16:05:59.645 [main] WARNING com.objectaid.uml.util.EclipseHelper loadClass: cannot find com.objectaid.uml.addon.doc.TextLinkCreationEditPolicy in [], no license for [com.objectaid.uml.addon]
2014-01-14 16:05:59.646 [main] WARNING com.objectaid.uml.util.EclipseHelper loadClass: cannot find com.objectaid.uml.addon.doc.TextLinkCreationEditPolicy in [], no license for [com.objectaid.uml.addon]
2014-01-14 16:05:59.648 [main] WARNING com.objectaid.uml.util.EclipseHelper loadClass: cannot find com.objectaid.uml.addon.doc.TextLinkCreationEditPolicy in [], no license for [com.objectaid.uml.addon]
2014-01-14 16:05:59.650 [main] WARNING com.objectaid.uml.util.EclipseHelper loadClass: cannot find com.objectaid.uml.addon.edit.MultiplicityDirectEditPolicy in [], no license for [com.objectaid.uml.addon]
2014-01-14 16:05:59.651 [main] WARNING com.objectaid.uml.util.EclipseHelper loadClass: cannot find com.objectaid.uml.addon.doc.TextLinkCreationEditPolicy in [], no license for [com.objectaid.uml.addon]
2014-01-14 16:05:59.654 [main] WARNING com.objectaid.uml.util.EclipseHelper loadClass: cannot find com.objectaid.uml.addon.doc.TextLinkCreationEditPolicy in [], no license for [com.objectaid.uml.addon]
2014-01-14 16:05:59.655 [main] WARNING com.objectaid.uml.util.EclipseHelper loadClass: cannot find com.objectaid.uml.addon.doc.TextLinkCreationEditPolicy in [], no license for [com.objectaid.uml.addon]
2014-01-14 16:05:59.658 [main] WARNING com.objectaid.uml.util.EclipseHelper loadClass: cannot find com.objectaid.uml.addon.doc.TextLinkCreationEditPolicy in [], no license for [com.objectaid.uml.addon]
2014-01-14 16:05:59.659 [main] WARNING com.objectaid.uml.util.EclipseHelper loadClass: cannot find com.objectaid.uml.addon.edit.MultiplicityDirectEditPolicy in [], no license for [com.objectaid.uml.addon]
2014-01-14 16:05:59.659 [main] WARNING com.objectaid.uml.util.EclipseHelper loadClass: cannot find com.objectaid.uml.addon.doc.TextLinkCreationEditPolicy in [], no license for [com.objectaid.uml.addon]
2014-01-14 16:05:59.660 [main] WARNING com.objectaid.uml.util.EclipseHelper loadClass: cannot find com.objectaid.uml.addon.doc.TextLinkCreationEditPolicy in [], no license for [com.objectaid.uml.addon]
2014-01-14 16:05:59.661 [main] WARNING com.objectaid.uml.util.EclipseHelper loadClass: cannot find com.objectaid.uml.addon.edit.MultiplicityDirectEditPolicy in [], no license for [com.objectaid.uml.addon]
2014-01-14 16:05:59.661 [main] WARNING com.objectaid.uml.util.EclipseHelper loadClass: cannot find com.objectaid.uml.addon.doc.TextLinkCreationEditPolicy in [], no license for [com.objectaid.uml.addon]
2014-01-14 16:05:59.663 [main] WARNING com.objectaid.uml.util.EclipseHelper loadClass: cannot find com.objectaid.uml.addon.doc.TextLinkCreationEditPolicy in [], no license for [com.objectaid.uml.addon]
2014-01-14 16:05:59.663 [main] WARNING com.objectaid.uml.util.EclipseHelper loadClass: cannot find com.objectaid.uml.addon.edit.MultiplicityDirectEditPolicy in [], no license for [com.objectaid.uml.addon]
2014-01-14 16:05:59.664 [main] WARNING com.objectaid.uml.util.EclipseHelper loadClass: cannot find com.objectaid.uml.addon.doc.TextLinkCreationEditPolicy in [], no license for [com.objectaid.uml.addon]
2014-01-14 16:05:59.665 [main] WARNING com.objectaid.uml.util.EclipseHelper loadClass: cannot find com.objectaid.uml.addon.edit.MultiplicityDirectEditPolicy in [], no license for [com.objectaid.uml.addon]
2014-01-14 16:05:59.665 [main] WARNING com.objectaid.uml.util.EclipseHelper loadClass: cannot find com.objectaid.uml.addon.doc.TextLinkCreationEditPolicy in [], no license for [com.objectaid.uml.addon]
2014-01-14 16:05:59.667 [main] WARNING com.objectaid.uml.util.EclipseHelper loadClass: cannot find com.objectaid.uml.addon.doc.TextLinkCreationEditPolicy in [], no license for [com.objectaid.uml.addon]
2014-01-14 16:05:59.667 [main] WARNING com.objectaid.uml.util.EclipseHelper loadClass: cannot find com.objectaid.uml.addon.doc.TextLinkCreationEditPolicy in [], no license for [com.objectaid.uml.addon]
2014-01-14 16:05:59.669 [main] WARNING com.objectaid.uml.util.EclipseHelper loadClass: cannot find com.objectaid.uml.addon.doc.TextLinkCreationEditPolicy in [], no license for [com.objectaid.uml.addon]
2014-01-14 16:05:59.669 [main] WARNING com.objectaid.uml.util.EclipseHelper loadClass: cannot find com.objectaid.uml.addon.doc.TextLinkCreationEditPolicy in [], no license for [com.objectaid.uml.addon]
2014-01-14 16:05:59.671 [main] WARNING com.objectaid.uml.util.EclipseHelper loadClass: cannot find com.objectaid.uml.addon.doc.TextLinkCreationEditPolicy in [], no license for [com.objectaid.uml.addon]
2014-01-14 16:05:59.671 [main] WARNING com.objectaid.uml.util.EclipseHelper loadClass: cannot find com.objectaid.uml.addon.doc.TextLinkCreationEditPolicy in [], no license for [com.objectaid.uml.addon]
2014-01-14 16:05:59.673 [main] WARNING com.objectaid.uml.util.EclipseHelper loadClass: cannot find com.objectaid.uml.addon.doc.TextLinkCreationEditPolicy in [], no license for [com.objectaid.uml.addon]
2014-01-14 16:05:59.674 [main] WARNING com.objectaid.uml.util.EclipseHelper loadClass: cannot find com.objectaid.uml.addon.doc.TextLinkCreationEditPolicy in [], no license for [com.objectaid.uml.addon]
2014-01-14 16:05:59.675 [main] WARNING com.objectaid.uml.util.EclipseHelper loadClass: cannot find com.objectaid.uml.addon.doc.TextLinkCreationEditPolicy in [], no license for [com.objectaid.uml.addon]
2014-01-14 16:05:59.676 [main] WARNING com.objectaid.uml.util.EclipseHelper loadClass: cannot find com.objectaid.uml.addon.doc.TextLinkCreationEditPolicy in [], no license for [com.objectaid.uml.addon]
2014-01-14 16:06:01.095 [main] WARNING com.objectaid.uml.util.EclipseHelper loadClass: cannot find com.objectaid.uml.addon.doc.TextDiagramEditPolicy in [], no license for [com.objectaid.uml.addon]
2014-01-14 16:06:01.096 [main] WARNING com.objectaid.uml.util.EclipseHelper loadClass: cannot find com.objectaid.uml.addon.doc.TextLinkCreationEditPolicy in [], no license for [com.objectaid.uml.addon]
2014-01-14 16:06:01.097 [main] WARNING com.objectaid.uml.util.EclipseHelper loadClass: cannot find com.objectaid.uml.addon.doc.TextLinkCreationEditPolicy in [], no license for [com.objectaid.uml.addon]
2014-01-14 16:06:01.098 [main] WARNING com.objectaid.uml.util.EclipseHelper loadClass: cannot find com.objectaid.uml.addon.doc.TextLinkCreationEditPolicy in [], no license for [com.objectaid.uml.addon]
2014-01-14 16:06:01.099 [main] WARNING com.objectaid.uml.util.EclipseHelper loadClass: cannot find com.objectaid.uml.addon.doc.TextLinkCreationEditPolicy in [], no license for [com.objectaid.uml.addon]
2014-01-14 16:06:01.100 [main] WARNING com.objectaid.uml.util.EclipseHelper loadClass: cannot find com.objectaid.uml.addon.doc.TextLinkCreationEditPolicy in [], no license for [com.objectaid.uml.addon]
2014-01-14 16:06:01.100 [main] WARNING com.objectaid.uml.util.EclipseHelper loadClass: cannot find com.objectaid.uml.addon.doc.TextLinkCreationEditPolicy in [], no license for [com.objectaid.uml.addon]
2014-01-14 16:06:01.101 [main] WARNING com.objectaid.uml.util.EclipseHelper loadClass: cannot find com.objectaid.uml.addon.doc.TextLinkCreationEditPolicy in [], no license for [com.objectaid.uml.addon]
2014-01-14 16:06:01.101 [main] WARNING com.objectaid.uml.util.EclipseHelper loadClass: cannot find com.objectaid.uml.addon.doc.TextLinkCreationEditPolicy in [], no license for [com.objectaid.uml.addon]
2014-01-14 16:06:01.102 [main] WARNING com.objectaid.uml.util.EclipseHelper loadClass: cannot find com.objectaid.uml.addon.doc.TextLinkCreationEditPolicy in [], no license for [com.objectaid.uml.addon]
2014-01-14 16:06:01.103 [main] WARNING com.objectaid.uml.util.EclipseHelper loadClass: cannot find com.objectaid.uml.addon.doc.TextLinkCreationEditPolicy in [], no license for [com.objectaid.uml.addon]
2014-01-14 16:06:01.104 [main] WARNING com.objectaid.uml.util.EclipseHelper loadClass: cannot find com.objectaid.uml.addon.edit.MultiplicityDirectEditPolicy in [], no license for [com.objectaid.uml.addon]
2014-01-14 16:06:01.104 [main] WARNING com.objectaid.uml.util.EclipseHelper loadClass: cannot find com.objectaid.uml.addon.doc.TextLinkCreationEditPolicy in [], no license for [com.objectaid.uml.addon]
2014-01-14 16:06:01.105 [main] WARNING com.objectaid.uml.util.EclipseHelper loadClass: cannot find com.objectaid.uml.addon.doc.TextLinkCreationEditPolicy in [], no license for [com.objectaid.uml.addon]
2014-01-14 16:06:01.106 [main] WARNING com.objectaid.uml.util.EclipseHelper loadClass: cannot find com.objectaid.uml.addon.doc.TextLinkCreationEditPolicy in [], no license for [com.objectaid.uml.addon]
2014-01-14 16:06:01.107 [main] WARNING com.objectaid.uml.util.EclipseHelper loadClass: cannot find com.objectaid.uml.addon.doc.TextLinkCreationEditPolicy in [], no license for [com.objectaid.uml.addon]
2014-01-14 16:06:01.109 [main] WARNING com.objectaid.uml.util.EclipseHelper loadClass: cannot find com.objectaid.uml.addon.doc.TextLinkCreationEditPolicy in [], no license for [com.objectaid.uml.addon]
2014-01-14 16:06:01.110 [main] WARNING com.objectaid.uml.util.EclipseHelper loadClass: cannot find com.objectaid.uml.addon.doc.TextLinkCreationEditPolicy in [], no license for [com.objectaid.uml.addon]
2014-01-14 16:06:01.110 [main] WARNING com.objectaid.uml.util.EclipseHelper loadClass: cannot find com.objectaid.uml.addon.edit.MultiplicityDirectEditPolicy in [], no license for [com.objectaid.uml.addon]
2014-01-14 16:06:01.111 [main] WARNING com.objectaid.uml.util.EclipseHelper loadClass: cannot find com.objectaid.uml.addon.doc.TextLinkCreationEditPolicy in [], no license for [com.objectaid.uml.addon]
2014-01-14 16:06:01.112 [main] WARNING com.objectaid.uml.util.EclipseHelper loadClass: cannot find com.objectaid.uml.addon.doc.TextLinkCreationEditPolicy in [], no license for [com.objectaid.uml.addon]
2014-01-14 16:06:01.113 [main] WARNING com.objectaid.uml.util.EclipseHelper loadClass: cannot find com.objectaid.uml.addon.doc.TextLinkCreationEditPolicy in [], no license for [com.objectaid.uml.addon]
2014-01-14 16:06:01.114 [main] WARNING com.objectaid.uml.util.EclipseHelper loadClass: cannot find com.objectaid.uml.addon.edit.MultiplicityDirectEditPolicy in [], no license for [com.objectaid.uml.addon]
2014-01-14 16:06:01.114 [main] WARNING com.objectaid.uml.util.EclipseHelper loadClass: cannot find com.objectaid.uml.addon.doc.TextLinkCreationEditPolicy in [], no license for [com.objectaid.uml.addon]
2014-01-14 16:06:01.116 [main] WARNING com.objectaid.uml.util.EclipseHelper loadClass: cannot find com.objectaid.uml.addon.doc.TextLinkCreationEditPolicy in [], no license for [com.objectaid.uml.addon]
2014-01-14 16:06:01.117 [main] WARNING com.objectaid.uml.util.EclipseHelper loadClass: cannot find com.objectaid.uml.addon.doc.TextLinkCreationEditPolicy in [], no license for [com.objectaid.uml.addon]
2014-01-14 16:06:01.118 [main] WARNING com.objectaid.uml.util.EclipseHelper loadClass: cannot find com.objectaid.uml.addon.doc.TextLinkCreationEditPolicy in [], no license for [com.objectaid.uml.addon]
2014-01-14 16:06:01.118 [main] WARNING com.objectaid.uml.util.EclipseHelper loadClass: cannot find com.objectaid.uml.addon.doc.TextLinkCreationEditPolicy in [], no license for [com.objectaid.uml.addon]
2014-01-14 16:06:01.120 [main] WARNING com.objectaid.uml.util.EclipseHelper loadClass: cannot find com.objectaid.uml.addon.doc.TextLinkCreationEditPolicy in [], no license for [com.objectaid.uml.addon]
2014-01-14 16:06:01.121 [main] WARNING com.objectaid.uml.util.EclipseHelper loadClass: cannot find com.objectaid.uml.addon.doc.TextLinkCreationEditPolicy in [], no license for [com.objectaid.uml.addon]
2014-01-14 16:06:01.122 [main] WARNING com.objectaid.uml.util.EclipseHelper loadClass: cannot find com.objectaid.uml.addon.doc.TextLinkCreationEditPolicy in [], no license for [com.objectaid.uml.addon]
2014-01-14 16:06:01.123 [main] WARNING com.objectaid.uml.util.EclipseHelper loadClass: cannot find com.objectaid.uml.addon.doc.TextLinkCreationEditPolicy in [], no license for [com.objectaid.uml.addon]
2014-01-14 16:06:01.124 [main] WARNING com.objectaid.uml.util.EclipseHelper loadClass: cannot find com.objectaid.uml.addon.doc.TextLinkCreationEditPolicy in [], no license for [com.objectaid.uml.addon]
2014-01-14 16:06:01.125 [main] WARNING com.objectaid.uml.util.EclipseHelper loadClass: cannot find com.objectaid.uml.addon.doc.TextLinkCreationEditPolicy in [], no license for [com.objectaid.uml.addon]
2014-01-14 16:06:01.126 [main] WARNING com.objectaid.uml.util.EclipseHelper loadClass: cannot find com.objectaid.uml.addon.doc.TextLinkCreationEditPolicy in [], no license for [com.objectaid.uml.addon]
2014-01-14 16:06:01.127 [main] WARNING com.objectaid.uml.util.EclipseHelper loadClass: cannot find com.objectaid.uml.addon.doc.TextLinkCreationEditPolicy in [], no license for [com.objectaid.uml.addon]
2014-01-14 16:06:01.128 [main] WARNING com.objectaid.uml.util.EclipseHelper loadClass: cannot find com.objectaid.uml.addon.edit.MultiplicityDirectEditPolicy in [], no license for [com.objectaid.uml.addon]
2014-01-14 16:06:01.129 [main] WARNING com.objectaid.uml.util.EclipseHelper loadClass: cannot find com.objectaid.uml.addon.doc.TextLinkCreationEditPolicy in [], no license for [com.objectaid.uml.addon]
2014-01-14 16:06:01.129 [main] WARNING com.objectaid.uml.util.EclipseHelper loadClass: cannot find com.objectaid.uml.addon.doc.TextLinkCreationEditPolicy in [], no license for [com.objectaid.uml.addon]
2014-01-14 16:06:01.130 [main] WARNING com.objectaid.uml.util.EclipseHelper loadClass: cannot find com.objectaid.uml.addon.doc.TextLinkCreationEditPolicy in [], no license for [com.objectaid.uml.addon]
2014-01-14 16:06:01.131 [main] WARNING com.objectaid.uml.util.EclipseHelper loadClass: cannot find com.objectaid.uml.addon.doc.TextLinkCreationEditPolicy in [], no license for [com.objectaid.uml.addon]
2014-01-14 16:06:01.132 [main] WARNING com.objectaid.uml.util.EclipseHelper loadClass: cannot find com.objectaid.uml.addon.edit.MultiplicityDirectEditPolicy in [], no license for [com.objectaid.uml.addon]
2014-01-14 16:06:01.132 [main] WARNING com.objectaid.uml.util.EclipseHelper loadClass: cannot find com.objectaid.uml.addon.doc.TextLinkCreationEditPolicy in [], no license for [com.objectaid.uml.addon]
2014-01-14 16:06:01.133 [main] WARNING com.objectaid.uml.util.EclipseHelper loadClass: cannot find com.objectaid.uml.addon.doc.TextLinkCreationEditPolicy in [], no license for [com.objectaid.uml.addon]
2014-01-14 16:06:01.133 [main] WARNING com.objectaid.uml.util.EclipseHelper loadClass: cannot find com.objectaid.uml.addon.doc.TextLinkCreationEditPolicy in [], no license for [com.objectaid.uml.addon]
2014-01-14 16:06:01.134 [main] WARNING com.objectaid.uml.util.EclipseHelper loadClass: cannot find com.objectaid.uml.addon.doc.TextLinkCreationEditPolicy in [], no license for [com.objectaid.uml.addon]
2014-01-14 16:06:01.135 [main] WARNING com.objectaid.uml.util.EclipseHelper loadClass: cannot find com.objectaid.uml.addon.doc.TextLinkCreationEditPolicy in [], no license for [com.objectaid.uml.addon]
2014-01-14 16:06:01.136 [main] WARNING com.objectaid.uml.util.EclipseHelper loadClass: cannot find com.objectaid.uml.addon.doc.TextLinkCreationEditPolicy in [], no license for [com.objectaid.uml.addon]
2014-01-14 16:06:01.137 [main] WARNING com.objectaid.uml.util.EclipseHelper loadClass: cannot find com.objectaid.uml.addon.edit.MultiplicityDirectEditPolicy in [], no license for [com.objectaid.uml.addon]
2014-01-14 16:06:01.138 [main] WARNING com.objectaid.uml.util.EclipseHelper loadClass: cannot find com.objectaid.uml.addon.doc.TextLinkCreationEditPolicy in [], no license for [com.objectaid.uml.addon]
2014-01-14 16:06:01.139 [main] WARNING com.objectaid.uml.util.EclipseHelper loadClass: cannot find com.objectaid.uml.addon.doc.TextLinkCreationEditPolicy in [], no license for [com.objectaid.uml.addon]
2014-01-14 16:06:01.141 [main] WARNING com.objectaid.uml.util.EclipseHelper loadClass: cannot find com.objectaid.uml.addon.doc.TextLinkCreationEditPolicy in [], no license for [com.objectaid.uml.addon]
2014-01-14 16:06:01.143 [main] WARNING com.objectaid.uml.util.EclipseHelper loadClass: cannot find com.objectaid.uml.addon.doc.TextLinkCreationEditPolicy in [], no license for [com.objectaid.uml.addon]
2014-01-14 16:06:01.144 [main] WARNING com.objectaid.uml.util.EclipseHelper loadClass: cannot find com.objectaid.uml.addon.doc.TextLinkCreationEditPolicy in [], no license for [com.objectaid.uml.addon]
2014-01-14 16:09:29.672 [main] WARNING com.objectaid.uml.controller.delegate.ReflectionAccessorActionDelegate getAccessor: cannot find accessor for action show-property-accessors
2014-01-14 16:09:29.673 [main] WARNING com.objectaid.uml.controller.delegate.ReflectionAccessorActionDelegate getAccessor: cannot find accessor for action automatic-image-SVG
2014-01-14 16:09:29.673 [main] WARNING com.objectaid.uml.controller.delegate.ReflectionAccessorActionDelegate getAccessor: cannot find accessor for action automatic-image-PDF
