2013-12-11 16:00:52.880 [Worker-4] INFO    com.objectaid.uml.model.manage.DiagramManager getFactories: com.objectaid.uml.diagramFactories[ucls]: com.objectaid.uml.cls.model.ClassDiagramFactory@7e755db8
2013-12-11 16:00:52.990 [Worker-4] INFO    com.objectaid.uml.model.manage.DiagramManager getFactories: com.objectaid.uml.diagramFactories[useq]: com.objectaid.uml.seq.model.SequenceDiagramFactory@2f4d567b
2013-12-11 21:01:21.650 [main] INFO    com.objectaid.uml.util.extend.ExecutableExtensionManager loadExtensions: found com.objectaid.uml.renderFormats="com.objectaid.uml.render.RasterRenderFormat" class="com.objectaid.uml.render.RasterRenderFormat" name="PNG" extension="png" antialias="true" format="5" 
2013-12-11 21:01:21.702 [main] INFO    com.objectaid.uml.util.extend.ExecutableExtensionManager loadExtensions: found com.objectaid.uml.renderFormats="com.objectaid.uml.render.RasterRenderFormat" class="com.objectaid.uml.render.RasterRenderFormat" name="JPEG" extension="jpg" antialias="true" format="4" 
2013-12-11 21:01:21.704 [main] INFO    com.objectaid.uml.util.extend.ExecutableExtensionManager loadExtensions: found com.objectaid.uml.renderFormats="com.objectaid.uml.render.IndexedRasterRenderFormat" class="com.objectaid.uml.render.IndexedRasterRenderFormat" name="GIF" extension="gif" antialias="false" format="2" 
2013-12-11 21:01:21.738 [main] WARNING com.objectaid.uml.util.EclipseHelper loadClass: cannot find com.objectaid.uml.addon.render.SVGRenderFormat in [], no license for [com.objectaid.uml.addon]
2013-12-11 21:01:21.739 [main] INFO    com.objectaid.uml.util.extend.ExecutableExtensionManager loadExtensions: found com.objectaid.uml.renderFormats='com.objectaid.uml.addon.render.SVGRenderFormat' but cannot load class
2013-12-11 21:01:21.740 [main] WARNING com.objectaid.uml.util.EclipseHelper loadClass: cannot find com.objectaid.uml.addon.render.PDFRenderFormat in [], no license for [com.objectaid.uml.addon]
2013-12-11 21:01:21.740 [main] INFO    com.objectaid.uml.util.extend.ExecutableExtensionManager loadExtensions: found com.objectaid.uml.renderFormats='com.objectaid.uml.addon.render.PDFRenderFormat' but cannot load class
2013-12-11 21:01:24.228 [main] WARNING com.objectaid.uml.util.EclipseHelper loadClass: cannot find com.objectaid.uml.addon.doc.TextLink in [], no license for [com.objectaid.uml.addon]
2013-12-11 21:01:24.230 [main] WARNING com.objectaid.uml.util.EclipseHelper loadClass: cannot find com.objectaid.uml.addon.doc.TextLinkEditPart in [], no license for [com.objectaid.uml.addon]
2013-12-11 21:01:24.231 [main] WARNING com.objectaid.uml.util.EclipseHelper loadClass: cannot find com.objectaid.uml.addon.doc.PTextLink in [], no license for [com.objectaid.uml.addon]
2013-12-11 21:01:24.232 [main] WARNING com.objectaid.uml.util.EclipseHelper loadClass: cannot find com.objectaid.uml.model.diagram.ConnectionEnd in [], no license for [com.objectaid.uml.addon]
2013-12-11 21:01:24.233 [main] WARNING com.objectaid.uml.util.EclipseHelper loadClass: cannot find com.objectaid.uml.model.persistence.PersistedConnectionEnd in [], no license for [com.objectaid.uml.addon]
2013-12-11 21:01:24.234 [main] WARNING com.objectaid.uml.util.EclipseHelper loadClass: cannot find com.objectaid.uml.addon.doc.TextNodeDefinition in [com.objectaid.uml.cls], no license for [com.objectaid.uml.addon]
2013-12-11 21:01:25.426 [main] WARNING com.objectaid.uml.util.EclipseHelper loadClass: cannot find com.objectaid.uml.addon.doc.TextDiagramEditPolicy in [], no license for [com.objectaid.uml.addon]
2013-12-11 21:01:46.385 [main] INFO    com.objectaid.uml.model.manage.LanguageElementManager getLanguageElementFactories: com.objectaid.uml.languageElementFactories: com.objectaid.uml.java.JavaElementFactory
2013-12-11 21:01:46.853 [main] WARNING com.objectaid.uml.util.EclipseHelper loadClass: cannot find com.objectaid.uml.addon.doc.TextLinkCreationEditPolicy in [], no license for [com.objectaid.uml.addon]
2013-12-11 21:01:46.929 [main] WARNING com.objectaid.uml.util.EclipseHelper loadClass: cannot find com.objectaid.uml.addon.doc.TextLinkCreationEditPolicy in [], no license for [com.objectaid.uml.addon]
2013-12-11 21:01:46.931 [main] WARNING com.objectaid.uml.util.EclipseHelper loadClass: cannot find com.objectaid.uml.addon.doc.TextLinkCreationEditPolicy in [], no license for [com.objectaid.uml.addon]
2013-12-11 21:01:46.934 [main] WARNING com.objectaid.uml.util.EclipseHelper loadClass: cannot find com.objectaid.uml.addon.doc.TextLinkCreationEditPolicy in [], no license for [com.objectaid.uml.addon]
2013-12-11 21:01:47.114 [main] WARNING com.objectaid.uml.util.EclipseHelper loadClass: cannot find com.objectaid.uml.addon.java.action.CopyQualifiedNameActionRunnable in [], no license for [com.objectaid.uml.addon.java]
2013-12-11 21:01:47.138 [main] WARNING com.objectaid.uml.util.EclipseHelper loadClass: cannot find com.objectaid.uml.seq.java.AddCalledMethodsActionRunnable in [], no license for [com.objectaid.uml.seq.java]
2013-12-11 21:01:51.415 [main] WARNING com.objectaid.uml.util.EclipseHelper loadClass: cannot find com.objectaid.uml.addon.cls.menu.DependencyContextMenuProvider in [], no license for [com.objectaid.uml.addon.cls]
2013-12-11 21:01:51.416 [main] INFO    com.objectaid.uml.util.extend.ExecutableExtensionManager loadExtensions: found com.objectaid.uml.contextMenuProviders='com.objectaid.uml.addon.cls.menu.DependencyContextMenuProvider' but cannot load class
2013-12-11 21:01:51.418 [main] INFO    com.objectaid.uml.util.extend.ExecutableExtensionManager loadExtensions: found com.objectaid.uml.contextMenuProviders="com.objectaid.uml.cls.editor.ClassDiagramContextMenuProvider" class="com.objectaid.uml.cls.editor.ClassDiagramContextMenuProvider" id="class-diagram-menu" diagramExt="ucls" 
2013-12-11 21:01:51.420 [main] WARNING com.objectaid.uml.util.EclipseHelper loadClass: cannot find com.objectaid.uml.seq.editor.SequenceDiagramContextMenuProvider in [], no license for [com.objectaid.uml.seq]
2013-12-11 21:01:51.421 [main] INFO    com.objectaid.uml.util.extend.ExecutableExtensionManager loadExtensions: found com.objectaid.uml.contextMenuProviders='com.objectaid.uml.seq.editor.SequenceDiagramContextMenuProvider' but cannot load class
2013-12-11 21:01:51.471 [main] INFO    com.objectaid.uml.util.extend.ExecutableExtensionManager loadExtensions: found com.objectaid.uml.accessors="com.objectaid.uml.model.accessor.ReflectionAccessor" id="automatic-image-PNG" property="automaticImage" type="com.objectaid.uml.render.RenderFormatManager" newValue="PNG" 
2013-12-11 21:01:51.472 [main] INFO    com.objectaid.uml.util.extend.ExecutableExtensionManager loadExtensions: found com.objectaid.uml.accessors="com.objectaid.uml.model.accessor.ReflectionAccessor" id="automatic-image-JPEG" property="automaticImage" type="com.objectaid.uml.render.RenderFormatManager" newValue="JPEG" 
2013-12-11 21:01:51.473 [main] INFO    com.objectaid.uml.util.extend.ExecutableExtensionManager loadExtensions: found com.objectaid.uml.accessors="com.objectaid.uml.model.accessor.ReflectionAccessor" id="automatic-image-GIF" property="automaticImage" type="com.objectaid.uml.render.RenderFormatManager" newValue="GIF" 
2013-12-11 21:01:51.474 [main] INFO    com.objectaid.uml.util.extend.ExecutableExtensionManager loadExtensions: found com.objectaid.uml.accessors="com.objectaid.uml.model.accessor.ReflectionAccessor" id="automatic-image-NONE" property="automaticImage" type="com.objectaid.uml.render.RenderFormatManager" newValue="NONE" 
2013-12-11 21:01:51.475 [main] WARNING com.objectaid.uml.util.EclipseHelper loadClass: cannot find com.objectaid.uml.model.accessor.ReflectionAccessor in [], no license for [com.objectaid.uml.addon]
2013-12-11 21:01:51.475 [main] INFO    com.objectaid.uml.util.extend.ExecutableExtensionManager loadExtensions: found com.objectaid.uml.accessors='com.objectaid.uml.model.accessor.ReflectionAccessor' but cannot load class
2013-12-11 21:01:51.476 [main] WARNING com.objectaid.uml.util.EclipseHelper loadClass: cannot find com.objectaid.uml.model.accessor.ReflectionAccessor in [], no license for [com.objectaid.uml.addon]
2013-12-11 21:01:51.476 [main] INFO    com.objectaid.uml.util.extend.ExecutableExtensionManager loadExtensions: found com.objectaid.uml.accessors='com.objectaid.uml.model.accessor.ReflectionAccessor' but cannot load class
2013-12-11 21:01:51.477 [main] WARNING com.objectaid.uml.util.EclipseHelper loadClass: cannot find com.objectaid.uml.model.accessor.ReflectionAccessor in [], no license for [com.objectaid.uml.addon]
2013-12-11 21:01:51.478 [main] INFO    com.objectaid.uml.util.extend.ExecutableExtensionManager loadExtensions: found com.objectaid.uml.accessors='com.objectaid.uml.model.accessor.ReflectionAccessor' but cannot load class
2013-12-11 21:01:51.479 [main] WARNING com.objectaid.uml.util.EclipseHelper loadClass: cannot find com.objectaid.uml.model.accessor.ReflectionAccessor in [], no license for [com.objectaid.uml.addon]
2013-12-11 21:01:51.479 [main] INFO    com.objectaid.uml.util.extend.ExecutableExtensionManager loadExtensions: found com.objectaid.uml.accessors='com.objectaid.uml.model.accessor.ReflectionAccessor' but cannot load class
2013-12-11 21:01:51.480 [main] WARNING com.objectaid.uml.util.EclipseHelper loadClass: cannot find com.objectaid.uml.model.accessor.ReflectionAccessor in [], no license for [com.objectaid.uml.addon]
2013-12-11 21:01:51.480 [main] INFO    com.objectaid.uml.util.extend.ExecutableExtensionManager loadExtensions: found com.objectaid.uml.accessors='com.objectaid.uml.model.accessor.ReflectionAccessor' but cannot load class
2013-12-11 21:01:51.481 [main] INFO    com.objectaid.uml.util.extend.ExecutableExtensionManager loadExtensions: found com.objectaid.uml.accessors="com.objectaid.uml.model.accessor.ReflectionAccessor" id="show-icons" property="showIcons" type="java.lang.Boolean" 
2013-12-11 21:01:51.481 [main] INFO    com.objectaid.uml.util.extend.ExecutableExtensionManager loadExtensions: found com.objectaid.uml.accessors="com.objectaid.uml.model.accessor.ReflectionAccessor" id="show-stereotype" property="displayOptions.showStereotype" type="java.lang.Boolean" 
2013-12-11 21:01:51.482 [main] INFO    com.objectaid.uml.util.extend.ExecutableExtensionManager loadExtensions: found com.objectaid.uml.accessors="com.objectaid.uml.model.accessor.ReflectionAccessor" id="show-package-name" property="displayOptions.showPackageName" type="java.lang.Boolean" 
2013-12-11 21:01:51.483 [main] INFO    com.objectaid.uml.util.extend.ExecutableExtensionManager loadExtensions: found com.objectaid.uml.accessors="com.objectaid.uml.model.accessor.ReflectionAccessor" id="show-visibility" property="displayOptions.showVisibility" type="java.lang.Boolean" 
2013-12-11 21:01:51.484 [main] INFO    com.objectaid.uml.util.extend.ExecutableExtensionManager loadExtensions: found com.objectaid.uml.accessors="com.objectaid.uml.model.accessor.ReflectionAccessor" id="automatic-resize" property="displayOptions.autoSize" type="java.lang.Boolean" 
2013-12-11 21:01:51.484 [main] INFO    com.objectaid.uml.util.extend.ExecutableExtensionManager loadExtensions: found com.objectaid.uml.accessors="com.objectaid.uml.model.accessor.ReflectionAccessor" id="show-attribute-default" property="displayOptions.showAttributeDefault" type="java.lang.Boolean" 
2013-12-11 21:01:51.485 [main] INFO    com.objectaid.uml.util.extend.ExecutableExtensionManager loadExtensions: found com.objectaid.uml.accessors="com.objectaid.uml.model.accessor.ReflectionAccessor" id="show-operation-signature" property="displayOptions.showOperationSignature" type="java.lang.Boolean" 
2013-12-11 21:01:51.486 [main] INFO    com.objectaid.uml.util.extend.ExecutableExtensionManager loadExtensions: found com.objectaid.uml.accessors="com.objectaid.uml.model.accessor.ReflectionAccessor" id="show-public-attributes" property="displayOptions.attributeFilter.showPublic" type="java.lang.Boolean" 
2013-12-11 21:01:51.487 [main] INFO    com.objectaid.uml.util.extend.ExecutableExtensionManager loadExtensions: found com.objectaid.uml.accessors="com.objectaid.uml.model.accessor.ReflectionAccessor" id="show-protected-attributes" property="displayOptions.attributeFilter.showProtected" type="java.lang.Boolean" 
2013-12-11 21:01:51.487 [main] INFO    com.objectaid.uml.util.extend.ExecutableExtensionManager loadExtensions: found com.objectaid.uml.accessors="com.objectaid.uml.model.accessor.ReflectionAccessor" id="show-package-attributes" property="displayOptions.attributeFilter.showPackage" type="java.lang.Boolean" 
2013-12-11 21:01:51.488 [main] INFO    com.objectaid.uml.util.extend.ExecutableExtensionManager loadExtensions: found com.objectaid.uml.accessors="com.objectaid.uml.model.accessor.ReflectionAccessor" id="show-private-attributes" property="displayOptions.attributeFilter.showPrivate" type="java.lang.Boolean" 
2013-12-11 21:01:51.489 [main] INFO    com.objectaid.uml.util.extend.ExecutableExtensionManager loadExtensions: found com.objectaid.uml.accessors="com.objectaid.uml.model.accessor.ReflectionAccessor" id="show-static-attributes" property="displayOptions.attributeFilter.showStatic" type="java.lang.Boolean" 
2013-12-11 21:01:51.490 [main] INFO    com.objectaid.uml.util.extend.ExecutableExtensionManager loadExtensions: found com.objectaid.uml.accessors="com.objectaid.uml.model.accessor.ReflectionAccessor" id="show-all-attributes" property="displayOptions.attributeFilter.show" type="java.lang.Boolean" newValue="true" 
2013-12-11 21:01:51.491 [main] INFO    com.objectaid.uml.util.extend.ExecutableExtensionManager loadExtensions: found com.objectaid.uml.accessors="com.objectaid.uml.model.accessor.ReflectionAccessor" id="show-no-attributes" property="displayOptions.attributeFilter.show" type="java.lang.Boolean" newValue="false" 
2013-12-11 21:01:51.492 [main] INFO    com.objectaid.uml.util.extend.ExecutableExtensionManager loadExtensions: found com.objectaid.uml.accessors="com.objectaid.uml.model.accessor.ReflectionAccessor" id="show-public-operations" property="displayOptions.operationFilter.showPublic" type="java.lang.Boolean" 
2013-12-11 21:01:51.492 [main] INFO    com.objectaid.uml.util.extend.ExecutableExtensionManager loadExtensions: found com.objectaid.uml.accessors="com.objectaid.uml.model.accessor.ReflectionAccessor" id="show-protected-operations" property="displayOptions.operationFilter.showProtected" type="java.lang.Boolean" 
2013-12-11 21:01:51.493 [main] INFO    com.objectaid.uml.util.extend.ExecutableExtensionManager loadExtensions: found com.objectaid.uml.accessors="com.objectaid.uml.model.accessor.ReflectionAccessor" id="show-package-operations" property="displayOptions.operationFilter.showPackage" type="java.lang.Boolean" 
2013-12-11 21:01:51.494 [main] INFO    com.objectaid.uml.util.extend.ExecutableExtensionManager loadExtensions: found com.objectaid.uml.accessors="com.objectaid.uml.model.accessor.ReflectionAccessor" id="show-private-operations" property="displayOptions.operationFilter.showPrivate" type="java.lang.Boolean" 
2013-12-11 21:01:51.494 [main] INFO    com.objectaid.uml.util.extend.ExecutableExtensionManager loadExtensions: found com.objectaid.uml.accessors="com.objectaid.uml.model.accessor.ReflectionAccessor" id="show-static-operations" property="displayOptions.operationFilter.showStatic" type="java.lang.Boolean" 
2013-12-11 21:01:51.495 [main] INFO    com.objectaid.uml.util.extend.ExecutableExtensionManager loadExtensions: found com.objectaid.uml.accessors="com.objectaid.uml.model.accessor.ReflectionAccessor" id="show-all-operations" property="displayOptions.operationFilter.show" type="java.lang.Boolean" newValue="true" 
2013-12-11 21:01:51.496 [main] INFO    com.objectaid.uml.util.extend.ExecutableExtensionManager loadExtensions: found com.objectaid.uml.accessors="com.objectaid.uml.model.accessor.ReflectionAccessor" id="show-no-operations" property="displayOptions.operationFilter.show" type="java.lang.Boolean" newValue="false" 
2013-12-11 21:01:51.496 [main] INFO    com.objectaid.uml.util.extend.ExecutableExtensionManager loadExtensions: found com.objectaid.uml.accessors="com.objectaid.uml.model.accessor.ReflectionAccessor" id="show-labels" property="associationDisplayOptions.showLabels" type="java.lang.Boolean" 
2013-12-11 21:01:51.497 [main] INFO    com.objectaid.uml.util.extend.ExecutableExtensionManager loadExtensions: found com.objectaid.uml.accessors="com.objectaid.uml.model.accessor.ReflectionAccessor" id="show-multiplicity" property="associationDisplayOptions.showMultiplicity" type="java.lang.Boolean" 
2013-12-11 21:01:51.498 [main] INFO    com.objectaid.uml.util.extend.ExecutableExtensionManager loadExtensions: found com.objectaid.uml.accessors="com.objectaid.uml.model.accessor.ReflectionAccessor" id="auto-locate" property="position" type="org.eclipse.draw2d.geometry.Rectangle" 
2013-12-11 21:01:51.498 [main] INFO    com.objectaid.uml.util.extend.ExecutableExtensionManager loadExtensions: found com.objectaid.uml.accessors="com.objectaid.uml.model.accessor.ReflectionAccessor" id="corner-top-left" property="selfConnectionCorner" newValue="TOP_LEFT" type="com.objectaid.uml.model.diagram.NodeCorner" 
2013-12-11 21:01:51.499 [main] INFO    com.objectaid.uml.util.extend.ExecutableExtensionManager loadExtensions: found com.objectaid.uml.accessors="com.objectaid.uml.model.accessor.ReflectionAccessor" id="corner-top-right" property="selfConnectionCorner" newValue="TOP_RIGHT" type="com.objectaid.uml.model.diagram.NodeCorner" 
2013-12-11 21:01:51.500 [main] INFO    com.objectaid.uml.util.extend.ExecutableExtensionManager loadExtensions: found com.objectaid.uml.accessors="com.objectaid.uml.model.accessor.ReflectionAccessor" id="corner-bottom-left" property="selfConnectionCorner" newValue="BOTTOM_LEFT" type="com.objectaid.uml.model.diagram.NodeCorner" 
2013-12-11 21:01:51.500 [main] INFO    com.objectaid.uml.util.extend.ExecutableExtensionManager loadExtensions: found com.objectaid.uml.accessors="com.objectaid.uml.model.accessor.ReflectionAccessor" id="corner-bottom-right" property="selfConnectionCorner" newValue="BOTTOM_RIGHT" type="com.objectaid.uml.model.diagram.NodeCorner" 
2013-12-11 21:01:51.501 [main] INFO    com.objectaid.uml.util.extend.ExecutableExtensionManager loadExtensions: found com.objectaid.uml.accessors="com.objectaid.uml.model.accessor.ReflectionAccessor" id="always-add-relationships" property="relationshipAddOptions.alwaysAddRelationships" type="java.lang.Boolean" 
2013-12-11 21:01:51.502 [main] INFO    com.objectaid.uml.util.extend.ExecutableExtensionManager loadExtensions: found com.objectaid.uml.accessors="com.objectaid.uml.model.accessor.ReflectionAccessor" id="add-generalizations" property="relationshipAddOptions.addGeneralizations" type="java.lang.Boolean" 
2013-12-11 21:01:51.502 [main] INFO    com.objectaid.uml.util.extend.ExecutableExtensionManager loadExtensions: found com.objectaid.uml.accessors="com.objectaid.uml.model.accessor.ReflectionAccessor" id="add-realizations" property="relationshipAddOptions.addRealizations" type="java.lang.Boolean" 
2013-12-11 21:01:51.503 [main] INFO    com.objectaid.uml.util.extend.ExecutableExtensionManager loadExtensions: found com.objectaid.uml.accessors="com.objectaid.uml.model.accessor.ReflectionAccessor" id="add-associations" property="relationshipAddOptions.addAssociations" type="java.lang.Boolean" 
2013-12-11 21:01:51.504 [main] INFO    com.objectaid.uml.util.extend.ExecutableExtensionManager loadExtensions: found com.objectaid.uml.accessors="com.objectaid.uml.model.accessor.ReflectionAccessor" id="add-dependencies" property="relationshipAddOptions.addDependencies" type="java.lang.Boolean" 
2013-12-11 21:01:51.504 [main] INFO    com.objectaid.uml.util.extend.ExecutableExtensionManager loadExtensions: found com.objectaid.uml.accessors="com.objectaid.uml.model.accessor.ReflectionAccessor" id="add-nesting-relationships" property="relationshipAddOptions.addNestingRelationships" type="java.lang.Boolean" 
2013-12-11 21:02:08.428 [main] WARNING com.objectaid.uml.util.EclipseHelper loadClass: cannot find com.objectaid.uml.addon.doc.TextLinkCreationEditPolicy in [], no license for [com.objectaid.uml.addon]
2013-12-11 21:02:08.448 [main] WARNING com.objectaid.uml.util.EclipseHelper loadClass: cannot find com.objectaid.uml.addon.doc.TextLinkCreationEditPolicy in [], no license for [com.objectaid.uml.addon]
2013-12-11 21:02:08.450 [main] WARNING com.objectaid.uml.util.EclipseHelper loadClass: cannot find com.objectaid.uml.addon.doc.TextLinkCreationEditPolicy in [], no license for [com.objectaid.uml.addon]
2013-12-11 21:02:16.400 [main] WARNING com.objectaid.uml.util.EclipseHelper loadClass: cannot find com.objectaid.uml.addon.doc.TextLinkCreationEditPolicy in [], no license for [com.objectaid.uml.addon]
2013-12-11 21:13:30.934 [main] WARNING com.objectaid.uml.util.EclipseHelper loadClass: cannot find com.objectaid.uml.addon.doc.TextLinkCreationEditPolicy in [], no license for [com.objectaid.uml.addon]
2013-12-11 21:13:30.989 [main] WARNING com.objectaid.uml.util.EclipseHelper loadClass: cannot find com.objectaid.uml.addon.doc.TextLinkCreationEditPolicy in [], no license for [com.objectaid.uml.addon]
2013-12-11 21:41:57.415 [main] WARNING com.objectaid.uml.util.EclipseHelper loadClass: cannot find com.objectaid.uml.addon.doc.TextLinkCreationEditPolicy in [], no license for [com.objectaid.uml.addon]
2013-12-11 21:41:57.460 [main] WARNING com.objectaid.uml.util.EclipseHelper loadClass: cannot find com.objectaid.uml.addon.doc.TextLinkCreationEditPolicy in [], no license for [com.objectaid.uml.addon]
2013-12-11 21:45:22.065 [main] WARNING com.objectaid.uml.util.EclipseHelper loadClass: cannot find com.objectaid.uml.addon.doc.TextLinkCreationEditPolicy in [], no license for [com.objectaid.uml.addon]
2013-12-11 21:45:22.068 [main] WARNING com.objectaid.uml.util.EclipseHelper loadClass: cannot find com.objectaid.uml.addon.doc.TextLinkCreationEditPolicy in [], no license for [com.objectaid.uml.addon]
2013-12-11 21:45:22.071 [main] WARNING com.objectaid.uml.util.EclipseHelper loadClass: cannot find com.objectaid.uml.addon.doc.TextLinkCreationEditPolicy in [], no license for [com.objectaid.uml.addon]
2013-12-11 21:45:22.073 [main] WARNING com.objectaid.uml.util.EclipseHelper loadClass: cannot find com.objectaid.uml.addon.doc.TextLinkCreationEditPolicy in [], no license for [com.objectaid.uml.addon]
2013-12-11 21:45:22.077 [main] WARNING com.objectaid.uml.util.EclipseHelper loadClass: cannot find com.objectaid.uml.addon.doc.TextLinkCreationEditPolicy in [], no license for [com.objectaid.uml.addon]
2013-12-11 21:45:22.081 [main] WARNING com.objectaid.uml.util.EclipseHelper loadClass: cannot find com.objectaid.uml.addon.doc.TextLinkCreationEditPolicy in [], no license for [com.objectaid.uml.addon]
2013-12-11 21:45:22.180 [main] WARNING com.objectaid.uml.util.EclipseHelper loadClass: cannot find com.objectaid.uml.addon.edit.MultiplicityDirectEditPolicy in [], no license for [com.objectaid.uml.addon]
2013-12-11 21:45:22.183 [main] WARNING com.objectaid.uml.util.EclipseHelper loadClass: cannot find com.objectaid.uml.addon.doc.TextLinkCreationEditPolicy in [], no license for [com.objectaid.uml.addon]
2013-12-11 21:45:33.809 [main] WARNING com.objectaid.uml.util.EclipseHelper loadClass: cannot find com.objectaid.uml.addon.doc.TextLinkCreationEditPolicy in [], no license for [com.objectaid.uml.addon]
2013-12-11 21:45:33.812 [main] WARNING com.objectaid.uml.util.EclipseHelper loadClass: cannot find com.objectaid.uml.addon.doc.TextLinkCreationEditPolicy in [], no license for [com.objectaid.uml.addon]
2013-12-11 21:45:33.813 [main] WARNING com.objectaid.uml.util.EclipseHelper loadClass: cannot find com.objectaid.uml.addon.doc.TextLinkCreationEditPolicy in [], no license for [com.objectaid.uml.addon]
2013-12-11 21:45:51.235 [main] WARNING com.objectaid.uml.util.EclipseHelper loadClass: cannot find com.objectaid.uml.addon.doc.TextLinkCreationEditPolicy in [], no license for [com.objectaid.uml.addon]
2013-12-11 21:45:51.237 [main] WARNING com.objectaid.uml.util.EclipseHelper loadClass: cannot find com.objectaid.uml.addon.doc.TextLinkCreationEditPolicy in [], no license for [com.objectaid.uml.addon]
2013-12-11 21:49:55.154 [main] WARNING com.objectaid.uml.util.EclipseHelper loadClass: cannot find com.objectaid.uml.addon.doc.TextLinkCreationEditPolicy in [], no license for [com.objectaid.uml.addon]
2013-12-11 21:49:55.196 [main] WARNING com.objectaid.uml.util.EclipseHelper loadClass: cannot find com.objectaid.uml.addon.doc.TextLinkCreationEditPolicy in [], no license for [com.objectaid.uml.addon]
2013-12-11 21:49:55.199 [main] WARNING com.objectaid.uml.util.EclipseHelper loadClass: cannot find com.objectaid.uml.addon.doc.TextLinkCreationEditPolicy in [], no license for [com.objectaid.uml.addon]
2013-12-11 21:49:55.201 [main] WARNING com.objectaid.uml.util.EclipseHelper loadClass: cannot find com.objectaid.uml.addon.doc.TextLinkCreationEditPolicy in [], no license for [com.objectaid.uml.addon]
2013-12-11 21:49:55.205 [main] WARNING com.objectaid.uml.util.EclipseHelper loadClass: cannot find com.objectaid.uml.addon.doc.TextLinkCreationEditPolicy in [], no license for [com.objectaid.uml.addon]
2013-12-11 21:49:55.206 [main] WARNING com.objectaid.uml.util.EclipseHelper loadClass: cannot find com.objectaid.uml.addon.edit.MultiplicityDirectEditPolicy in [], no license for [com.objectaid.uml.addon]
2013-12-11 21:50:02.113 [main] WARNING com.objectaid.uml.util.EclipseHelper loadClass: cannot find com.objectaid.uml.addon.doc.TextLinkCreationEditPolicy in [], no license for [com.objectaid.uml.addon]
2013-12-11 21:50:08.951 [main] WARNING com.objectaid.uml.util.EclipseHelper loadClass: cannot find com.objectaid.uml.addon.doc.TextLinkCreationEditPolicy in [], no license for [com.objectaid.uml.addon]
2013-12-11 21:50:08.953 [main] WARNING com.objectaid.uml.util.EclipseHelper loadClass: cannot find com.objectaid.uml.addon.doc.TextLinkCreationEditPolicy in [], no license for [com.objectaid.uml.addon]
2013-12-11 21:50:08.955 [main] WARNING com.objectaid.uml.util.EclipseHelper loadClass: cannot find com.objectaid.uml.addon.doc.TextLinkCreationEditPolicy in [], no license for [com.objectaid.uml.addon]
2013-12-11 21:50:14.169 [main] WARNING com.objectaid.uml.util.EclipseHelper loadClass: cannot find com.objectaid.uml.addon.doc.TextLinkCreationEditPolicy in [], no license for [com.objectaid.uml.addon]
2013-12-11 21:52:58.324 [main] WARNING com.objectaid.uml.util.EclipseHelper loadClass: cannot find com.objectaid.uml.addon.doc.TextLinkCreationEditPolicy in [], no license for [com.objectaid.uml.addon]
2013-12-11 21:53:04.124 [main] WARNING com.objectaid.uml.util.EclipseHelper loadClass: cannot find com.objectaid.uml.addon.doc.TextLinkCreationEditPolicy in [], no license for [com.objectaid.uml.addon]
2013-12-11 21:53:04.126 [main] WARNING com.objectaid.uml.util.EclipseHelper loadClass: cannot find com.objectaid.uml.addon.doc.TextLinkCreationEditPolicy in [], no license for [com.objectaid.uml.addon]
2013-12-11 21:53:04.128 [main] WARNING com.objectaid.uml.util.EclipseHelper loadClass: cannot find com.objectaid.uml.addon.doc.TextLinkCreationEditPolicy in [], no license for [com.objectaid.uml.addon]
2013-12-11 21:53:13.901 [main] WARNING com.objectaid.uml.util.EclipseHelper loadClass: cannot find com.objectaid.uml.addon.doc.TextLinkCreationEditPolicy in [], no license for [com.objectaid.uml.addon]
2013-12-11 21:53:16.943 [main] WARNING com.objectaid.uml.util.EclipseHelper loadClass: cannot find com.objectaid.uml.addon.doc.TextLinkCreationEditPolicy in [], no license for [com.objectaid.uml.addon]
2013-12-11 21:53:16.945 [main] WARNING com.objectaid.uml.util.EclipseHelper loadClass: cannot find com.objectaid.uml.addon.doc.TextLinkCreationEditPolicy in [], no license for [com.objectaid.uml.addon]
2013-12-11 21:53:48.413 [main] WARNING com.objectaid.uml.util.EclipseHelper loadClass: cannot find com.objectaid.uml.addon.doc.TextLinkCreationEditPolicy in [], no license for [com.objectaid.uml.addon]
2013-12-11 21:53:54.083 [main] WARNING com.objectaid.uml.util.EclipseHelper loadClass: cannot find com.objectaid.uml.addon.doc.TextLinkCreationEditPolicy in [], no license for [com.objectaid.uml.addon]
2013-12-11 21:53:54.085 [main] WARNING com.objectaid.uml.util.EclipseHelper loadClass: cannot find com.objectaid.uml.addon.doc.TextLinkCreationEditPolicy in [], no license for [com.objectaid.uml.addon]
2013-12-11 21:54:01.929 [main] WARNING com.objectaid.uml.util.EclipseHelper loadClass: cannot find com.objectaid.uml.addon.doc.TextLinkCreationEditPolicy in [], no license for [com.objectaid.uml.addon]
2013-12-11 21:54:06.173 [main] WARNING com.objectaid.uml.util.EclipseHelper loadClass: cannot find com.objectaid.uml.addon.doc.TextLinkCreationEditPolicy in [], no license for [com.objectaid.uml.addon]
